CRITICAL - 2020-06-15 00:56:23 --> Undefined index: rel
#0 /home/niitkddesign/public_html/public/themes/niitkd/views/theme_template_view.php(431): CodeIgniter\Debug\Exceptions->errorHandler()
#1 /home/niitkddesign/public_html/system/View/View.php(246): include('/home/niitkddes...')
#2 /home/niitkddesign/public_html/system/Common.php(1087): CodeIgniter\View\View->render()
#3 /home/niitkddesign/public_html/app/Controllers/Home.php(401): view()
#4 /home/niitkddesign/public_html/system/CodeIgniter.php(914): App\Controllers\Home->index()
#5 /home/niitkddesign/public_html/system/CodeIgniter.php(400): CodeIgniter\CodeIgniter->runController()
#6 /home/niitkddesign/public_html/system/CodeIgniter.php(308): CodeIgniter\CodeIgniter->handleRequest()
#7 /home/niitkddesign/public_html/public/index.php(45): CodeIgniter\CodeIgniter->run()
#8 {main}
CRITICAL - 2020-06-15 01:40:45 --> Undefined variable: viewed_products
#0 /home/niitkddesign/public_html/public/themes/niitkd/views/theme_template_view.php(470): CodeIgniter\Debug\Exceptions->errorHandler()
#1 /home/niitkddesign/public_html/system/View/View.php(246): include('/home/niitkddes...')
#2 /home/niitkddesign/public_html/system/Common.php(1087): CodeIgniter\View\View->render()
#3 /home/niitkddesign/public_html/app/Controllers/Home.php(407): view()
#4 /home/niitkddesign/public_html/system/CodeIgniter.php(914): App\Controllers\Home->index()
#5 /home/niitkddesign/public_html/system/CodeIgniter.php(400): CodeIgniter\CodeIgniter->runController()
#6 /home/niitkddesign/public_html/system/CodeIgniter.php(308): CodeIgniter\CodeIgniter->handleRequest()
#7 /home/niitkddesign/public_html/public/index.php(45): CodeIgniter\CodeIgniter->run()
#8 {main}
CRITICAL - 2020-06-15 02:16:16 --> Call to undefined function phone_as_number()
#0 /home/niitkddesign/public_html/system/View/View.php(246): include()
#1 /home/niitkddesign/public_html/system/Common.php(1087): CodeIgniter\View\View->render()
#2 /home/niitkddesign/public_html/app/Controllers/Home.php(407): view()
#3 /home/niitkddesign/public_html/system/CodeIgniter.php(914): App\Controllers\Home->index()
#4 /home/niitkddesign/public_html/system/CodeIgniter.php(400): CodeIgniter\CodeIgniter->runController()
#5 /home/niitkddesign/public_html/system/CodeIgniter.php(308): CodeIgniter\CodeIgniter->handleRequest()
#6 /home/niitkddesign/public_html/public/index.php(45): CodeIgniter\CodeIgniter->run()
#7 {main}
CRITICAL - 2020-06-15 02:18:00 --> Call to undefined function phone_as_number()
#0 /home/niitkddesign/public_html/system/View/View.php(246): include()
#1 /home/niitkddesign/public_html/system/Common.php(1087): CodeIgniter\View\View->render()
#2 /home/niitkddesign/public_html/app/Controllers/Home.php(407): view()
#3 /home/niitkddesign/public_html/system/CodeIgniter.php(914): App\Controllers\Home->index()
#4 /home/niitkddesign/public_html/system/CodeIgniter.php(400): CodeIgniter\CodeIgniter->runController()
#5 /home/niitkddesign/public_html/system/CodeIgniter.php(308): CodeIgniter\CodeIgniter->handleRequest()
#6 /home/niitkddesign/public_html/public/index.php(45): CodeIgniter\CodeIgniter->run()
#7 {main}
CRITICAL - 2020-06-15 02:19:44 --> Undefined variable: profile
#0 /home/niitkddesign/public_html/public/themes/niitkd/views/theme_template_view.php(621): CodeIgniter\Debug\Exceptions->errorHandler()
#1 /home/niitkddesign/public_html/system/View/View.php(246): include('/home/niitkddes...')
#2 /home/niitkddesign/public_html/system/Common.php(1087): CodeIgniter\View\View->render()
#3 /home/niitkddesign/public_html/app/Controllers/Home.php(407): view()
#4 /home/niitkddesign/public_html/system/CodeIgniter.php(914): App\Controllers\Home->index()
#5 /home/niitkddesign/public_html/system/CodeIgniter.php(400): CodeIgniter\CodeIgniter->runController()
#6 /home/niitkddesign/public_html/system/CodeIgniter.php(308): CodeIgniter\CodeIgniter->handleRequest()
#7 /home/niitkddesign/public_html/public/index.php(45): CodeIgniter\CodeIgniter->run()
#8 {main}
CRITICAL - 2020-06-15 02:24:15 --> Undefined variable: profile
#0 /home/niitkddesign/public_html/public/themes/niitkd/views/theme_template_view.php(621): CodeIgniter\Debug\Exceptions->errorHandler()
#1 /home/niitkddesign/public_html/system/View/View.php(246): include('/home/niitkddes...')
#2 /home/niitkddesign/public_html/system/Common.php(1087): CodeIgniter\View\View->render()
#3 /home/niitkddesign/public_html/app/Controllers/Home.php(407): view()
#4 /home/niitkddesign/public_html/system/CodeIgniter.php(914): App\Controllers\Home->index()
#5 /home/niitkddesign/public_html/system/CodeIgniter.php(400): CodeIgniter\CodeIgniter->runController()
#6 /home/niitkddesign/public_html/system/CodeIgniter.php(308): CodeIgniter\CodeIgniter->handleRequest()
#7 /home/niitkddesign/public_html/public/index.php(45): CodeIgniter\CodeIgniter->run()
#8 {main}
CRITICAL - 2020-06-15 04:01:44 --> Call to undefined function phone_as_number()
#0 /home/niitkddesign/public_html/system/View/View.php(246): include()
#1 /home/niitkddesign/public_html/system/Common.php(1087): CodeIgniter\View\View->render()
#2 /home/niitkddesign/public_html/app/Controllers/Home.php(775): view()
#3 /home/niitkddesign/public_html/system/CodeIgniter.php(914): App\Controllers\Home->index()
#4 /home/niitkddesign/public_html/system/CodeIgniter.php(400): CodeIgniter\CodeIgniter->runController()
#5 /home/niitkddesign/public_html/system/CodeIgniter.php(308): CodeIgniter\CodeIgniter->handleRequest()
#6 /home/niitkddesign/public_html/public/index.php(45): CodeIgniter\CodeIgniter->run()
#7 {main}
