CRITICAL - 2020-11-19 03:50:35 --> Invalid file: themes/mizutani/views/ui_elements/404.php
#0 /home/mizutani/public_html/system/View/View.php(228): CodeIgniter\Exceptions\FrameworkException::forInvalidFile()
#1 /home/mizutani/public_html/system/Common.php(1087): CodeIgniter\View\View->render()
#2 /home/mizutani/public_html/app/Controllers/Home.php(859): view()
#3 /home/mizutani/public_html/system/CodeIgniter.php(914): App\Controllers\Home->index()
#4 /home/mizutani/public_html/system/CodeIgniter.php(400): CodeIgniter\CodeIgniter->runController()
#5 /home/mizutani/public_html/system/CodeIgniter.php(308): CodeIgniter\CodeIgniter->handleRequest()
#6 /home/mizutani/public_html/public/index.php(45): CodeIgniter\CodeIgniter->run()
#7 {main}
CRITICAL - 2020-11-19 04:06:38 --> Invalid file: themes/mizutani/views/ui_elements/404.php
#0 /home/mizutani/public_html/system/View/View.php(228): CodeIgniter\Exceptions\FrameworkException::forInvalidFile()
#1 /home/mizutani/public_html/system/Common.php(1087): CodeIgniter\View\View->render()
#2 /home/mizutani/public_html/app/Controllers/Home.php(859): view()
#3 /home/mizutani/public_html/system/CodeIgniter.php(914): App\Controllers\Home->index()
#4 /home/mizutani/public_html/system/CodeIgniter.php(400): CodeIgniter\CodeIgniter->runController()
#5 /home/mizutani/public_html/system/CodeIgniter.php(308): CodeIgniter\CodeIgniter->handleRequest()
#6 /home/mizutani/public_html/public/index.php(45): CodeIgniter\CodeIgniter->run()
#7 {main}
CRITICAL - 2020-11-19 04:06:51 --> Invalid file: themes/mizutani/views/ui_elements/404.php
#0 /home/mizutani/public_html/system/View/View.php(228): CodeIgniter\Exceptions\FrameworkException::forInvalidFile()
#1 /home/mizutani/public_html/system/Common.php(1087): CodeIgniter\View\View->render()
#2 /home/mizutani/public_html/app/Controllers/Home.php(859): view()
#3 /home/mizutani/public_html/system/CodeIgniter.php(914): App\Controllers\Home->index()
#4 /home/mizutani/public_html/system/CodeIgniter.php(400): CodeIgniter\CodeIgniter->runController()
#5 /home/mizutani/public_html/system/CodeIgniter.php(308): CodeIgniter\CodeIgniter->handleRequest()
#6 /home/mizutani/public_html/public/index.php(45): CodeIgniter\CodeIgniter->run()
#7 {main}
CRITICAL - 2020-11-19 04:08:26 --> Call to undefined method CodeIgniter\HTTP\IncomingRequest::getSegments()
#0 /home/mizutani/public_html/system/CodeIgniter.php(914): App\Controllers\Home->index()
#1 /home/mizutani/public_html/system/CodeIgniter.php(400): CodeIgniter\CodeIgniter->runController()
#2 /home/mizutani/public_html/system/CodeIgniter.php(308): CodeIgniter\CodeIgniter->handleRequest()
#3 /home/mizutani/public_html/public/index.php(45): CodeIgniter\CodeIgniter->run()
#4 {main}
CRITICAL - 2020-11-19 04:08:28 --> Call to undefined method CodeIgniter\HTTP\IncomingRequest::getSegments()
#0 /home/mizutani/public_html/system/CodeIgniter.php(914): App\Controllers\Home->index()
#1 /home/mizutani/public_html/system/CodeIgniter.php(400): CodeIgniter\CodeIgniter->runController()
#2 /home/mizutani/public_html/system/CodeIgniter.php(308): CodeIgniter\CodeIgniter->handleRequest()
#3 /home/mizutani/public_html/public/index.php(45): CodeIgniter\CodeIgniter->run()
#4 {main}
CRITICAL - 2020-11-19 04:08:29 --> Call to undefined method CodeIgniter\HTTP\IncomingRequest::getSegments()
#0 /home/mizutani/public_html/system/CodeIgniter.php(914): App\Controllers\Home->index()
#1 /home/mizutani/public_html/system/CodeIgniter.php(400): CodeIgniter\CodeIgniter->runController()
#2 /home/mizutani/public_html/system/CodeIgniter.php(308): CodeIgniter\CodeIgniter->handleRequest()
#3 /home/mizutani/public_html/public/index.php(45): CodeIgniter\CodeIgniter->run()
#4 {main}
CRITICAL - 2020-11-19 04:08:29 --> Call to undefined method CodeIgniter\HTTP\IncomingRequest::getSegments()
#0 /home/mizutani/public_html/system/CodeIgniter.php(914): App\Controllers\Home->index()
#1 /home/mizutani/public_html/system/CodeIgniter.php(400): CodeIgniter\CodeIgniter->runController()
#2 /home/mizutani/public_html/system/CodeIgniter.php(308): CodeIgniter\CodeIgniter->handleRequest()
#3 /home/mizutani/public_html/public/index.php(45): CodeIgniter\CodeIgniter->run()
#4 {main}
CRITICAL - 2020-11-19 04:08:29 --> Call to undefined method CodeIgniter\HTTP\IncomingRequest::getSegments()
#0 /home/mizutani/public_html/system/CodeIgniter.php(914): App\Controllers\Home->index()
#1 /home/mizutani/public_html/system/CodeIgniter.php(400): CodeIgniter\CodeIgniter->runController()
#2 /home/mizutani/public_html/system/CodeIgniter.php(308): CodeIgniter\CodeIgniter->handleRequest()
#3 /home/mizutani/public_html/public/index.php(45): CodeIgniter\CodeIgniter->run()
#4 {main}
CRITICAL - 2020-11-19 04:08:30 --> Call to undefined method CodeIgniter\HTTP\IncomingRequest::getSegments()
#0 /home/mizutani/public_html/system/CodeIgniter.php(914): App\Controllers\Home->index()
#1 /home/mizutani/public_html/system/CodeIgniter.php(400): CodeIgniter\CodeIgniter->runController()
#2 /home/mizutani/public_html/system/CodeIgniter.php(308): CodeIgniter\CodeIgniter->handleRequest()
#3 /home/mizutani/public_html/public/index.php(45): CodeIgniter\CodeIgniter->run()
#4 {main}
CRITICAL - 2020-11-19 04:08:30 --> Call to undefined method CodeIgniter\HTTP\IncomingRequest::getSegments()
#0 /home/mizutani/public_html/system/CodeIgniter.php(914): App\Controllers\Home->index()
#1 /home/mizutani/public_html/system/CodeIgniter.php(400): CodeIgniter\CodeIgniter->runController()
#2 /home/mizutani/public_html/system/CodeIgniter.php(308): CodeIgniter\CodeIgniter->handleRequest()
#3 /home/mizutani/public_html/public/index.php(45): CodeIgniter\CodeIgniter->run()
#4 {main}
CRITICAL - 2020-11-19 04:09:25 --> Class 'http\Env\Request' not found
#0 /home/mizutani/public_html/system/CodeIgniter.php(914): App\Controllers\Home->index()
#1 /home/mizutani/public_html/system/CodeIgniter.php(400): CodeIgniter\CodeIgniter->runController()
#2 /home/mizutani/public_html/system/CodeIgniter.php(308): CodeIgniter\CodeIgniter->handleRequest()
#3 /home/mizutani/public_html/public/index.php(45): CodeIgniter\CodeIgniter->run()
#4 {main}
CRITICAL - 2020-11-19 04:09:33 --> Class 'http\Client\Request' not found
#0 /home/mizutani/public_html/system/CodeIgniter.php(914): App\Controllers\Home->index()
#1 /home/mizutani/public_html/system/CodeIgniter.php(400): CodeIgniter\CodeIgniter->runController()
#2 /home/mizutani/public_html/system/CodeIgniter.php(308): CodeIgniter\CodeIgniter->handleRequest()
#3 /home/mizutani/public_html/public/index.php(45): CodeIgniter\CodeIgniter->run()
#4 {main}
CRITICAL - 2020-11-19 04:12:04 --> Undefined offset: 1
#0 /home/mizutani/public_html/public/themes/mizutani/views/theme_template_view.php(299): CodeIgniter\Debug\Exceptions->errorHandler()
#1 /home/mizutani/public_html/system/View/View.php(246): include('/home/mizutani/...')
#2 /home/mizutani/public_html/system/Common.php(1087): CodeIgniter\View\View->render()
#3 /home/mizutani/public_html/app/Controllers/Home.php(865): view()
#4 /home/mizutani/public_html/system/CodeIgniter.php(914): App\Controllers\Home->index()
#5 /home/mizutani/public_html/system/CodeIgniter.php(400): CodeIgniter\CodeIgniter->runController()
#6 /home/mizutani/public_html/system/CodeIgniter.php(308): CodeIgniter\CodeIgniter->handleRequest()
#7 /home/mizutani/public_html/public/index.php(45): CodeIgniter\CodeIgniter->run()
#8 {main}
CRITICAL - 2020-11-19 04:13:32 --> syntax error, unexpected '!=' (T_IS_NOT_EQUAL)
#0 /home/mizutani/public_html/system/Common.php(1087): CodeIgniter\View\View->render()
#1 /home/mizutani/public_html/app/Controllers/Home.php(865): view()
#2 /home/mizutani/public_html/system/CodeIgniter.php(914): App\Controllers\Home->index()
#3 /home/mizutani/public_html/system/CodeIgniter.php(400): CodeIgniter\CodeIgniter->runController()
#4 /home/mizutani/public_html/system/CodeIgniter.php(308): CodeIgniter\CodeIgniter->handleRequest()
#5 /home/mizutani/public_html/public/index.php(45): CodeIgniter\CodeIgniter->run()
#6 {main}
CRITICAL - 2020-11-19 04:55:46 --> Invalid file: themes/mizutani/views/ui_elements/404.php
#0 /home/mizutani/public_html/system/View/View.php(228): CodeIgniter\Exceptions\FrameworkException::forInvalidFile()
#1 /home/mizutani/public_html/system/Common.php(1087): CodeIgniter\View\View->render()
#2 /home/mizutani/public_html/app/Controllers/Home.php(863): view()
#3 /home/mizutani/public_html/system/CodeIgniter.php(914): App\Controllers\Home->index()
#4 /home/mizutani/public_html/system/CodeIgniter.php(400): CodeIgniter\CodeIgniter->runController()
#5 /home/mizutani/public_html/system/CodeIgniter.php(308): CodeIgniter\CodeIgniter->handleRequest()
#6 /home/mizutani/public_html/public/index.php(45): CodeIgniter\CodeIgniter->run()
#7 {main}
CRITICAL - 2020-11-19 04:58:37 --> Invalid file: themes/mizutani/views/ui_elements/404.php
#0 /home/mizutani/public_html/system/View/View.php(228): CodeIgniter\Exceptions\FrameworkException::forInvalidFile()
#1 /home/mizutani/public_html/system/Common.php(1087): CodeIgniter\View\View->render()
#2 /home/mizutani/public_html/app/Controllers/Home.php(863): view()
#3 /home/mizutani/public_html/system/CodeIgniter.php(914): App\Controllers\Home->index()
#4 /home/mizutani/public_html/system/CodeIgniter.php(400): CodeIgniter\CodeIgniter->runController()
#5 /home/mizutani/public_html/system/CodeIgniter.php(308): CodeIgniter\CodeIgniter->handleRequest()
#6 /home/mizutani/public_html/public/index.php(45): CodeIgniter\CodeIgniter->run()
#7 {main}
CRITICAL - 2020-11-19 05:34:49 --> Invalid file: themes/mizutani/views/ui_elements/404.php
#0 /home/mizutani/public_html/system/View/View.php(228): CodeIgniter\Exceptions\FrameworkException::forInvalidFile()
#1 /home/mizutani/public_html/system/Common.php(1087): CodeIgniter\View\View->render()
#2 /home/mizutani/public_html/app/Controllers/Home.php(863): view()
#3 /home/mizutani/public_html/system/CodeIgniter.php(914): App\Controllers\Home->index()
#4 /home/mizutani/public_html/system/CodeIgniter.php(400): CodeIgniter\CodeIgniter->runController()
#5 /home/mizutani/public_html/system/CodeIgniter.php(308): CodeIgniter\CodeIgniter->handleRequest()
#6 /home/mizutani/public_html/public/index.php(45): CodeIgniter\CodeIgniter->run()
#7 {main}
CRITICAL - 2020-11-19 05:34:53 --> Invalid file: themes/mizutani/views/ui_elements/404.php
#0 /home/mizutani/public_html/system/View/View.php(228): CodeIgniter\Exceptions\FrameworkException::forInvalidFile()
#1 /home/mizutani/public_html/system/Common.php(1087): CodeIgniter\View\View->render()
#2 /home/mizutani/public_html/app/Controllers/Home.php(863): view()
#3 /home/mizutani/public_html/system/CodeIgniter.php(914): App\Controllers\Home->index()
#4 /home/mizutani/public_html/system/CodeIgniter.php(400): CodeIgniter\CodeIgniter->runController()
#5 /home/mizutani/public_html/system/CodeIgniter.php(308): CodeIgniter\CodeIgniter->handleRequest()
#6 /home/mizutani/public_html/public/index.php(45): CodeIgniter\CodeIgniter->run()
#7 {main}
CRITICAL - 2020-11-19 05:34:59 --> Invalid file: themes/mizutani/views/ui_elements/404.php
#0 /home/mizutani/public_html/system/View/View.php(228): CodeIgniter\Exceptions\FrameworkException::forInvalidFile()
#1 /home/mizutani/public_html/system/Common.php(1087): CodeIgniter\View\View->render()
#2 /home/mizutani/public_html/app/Controllers/Home.php(863): view()
#3 /home/mizutani/public_html/system/CodeIgniter.php(914): App\Controllers\Home->index()
#4 /home/mizutani/public_html/system/CodeIgniter.php(400): CodeIgniter\CodeIgniter->runController()
#5 /home/mizutani/public_html/system/CodeIgniter.php(308): CodeIgniter\CodeIgniter->handleRequest()
#6 /home/mizutani/public_html/public/index.php(45): CodeIgniter\CodeIgniter->run()
#7 {main}
CRITICAL - 2020-11-19 05:35:01 --> Invalid file: themes/mizutani/views/ui_elements/404.php
#0 /home/mizutani/public_html/system/View/View.php(228): CodeIgniter\Exceptions\FrameworkException::forInvalidFile()
#1 /home/mizutani/public_html/system/Common.php(1087): CodeIgniter\View\View->render()
#2 /home/mizutani/public_html/app/Controllers/Home.php(863): view()
#3 /home/mizutani/public_html/system/CodeIgniter.php(914): App\Controllers\Home->index()
#4 /home/mizutani/public_html/system/CodeIgniter.php(400): CodeIgniter\CodeIgniter->runController()
#5 /home/mizutani/public_html/system/CodeIgniter.php(308): CodeIgniter\CodeIgniter->handleRequest()
#6 /home/mizutani/public_html/public/index.php(45): CodeIgniter\CodeIgniter->run()
#7 {main}
CRITICAL - 2020-11-19 05:35:02 --> Invalid file: themes/mizutani/views/ui_elements/404.php
#0 /home/mizutani/public_html/system/View/View.php(228): CodeIgniter\Exceptions\FrameworkException::forInvalidFile()
#1 /home/mizutani/public_html/system/Common.php(1087): CodeIgniter\View\View->render()
#2 /home/mizutani/public_html/app/Controllers/Home.php(863): view()
#3 /home/mizutani/public_html/system/CodeIgniter.php(914): App\Controllers\Home->index()
#4 /home/mizutani/public_html/system/CodeIgniter.php(400): CodeIgniter\CodeIgniter->runController()
#5 /home/mizutani/public_html/system/CodeIgniter.php(308): CodeIgniter\CodeIgniter->handleRequest()
#6 /home/mizutani/public_html/public/index.php(45): CodeIgniter\CodeIgniter->run()
#7 {main}
CRITICAL - 2020-11-19 05:35:09 --> Invalid file: themes/mizutani/views/ui_elements/404.php
#0 /home/mizutani/public_html/system/View/View.php(228): CodeIgniter\Exceptions\FrameworkException::forInvalidFile()
#1 /home/mizutani/public_html/system/Common.php(1087): CodeIgniter\View\View->render()
#2 /home/mizutani/public_html/app/Controllers/Home.php(863): view()
#3 /home/mizutani/public_html/system/CodeIgniter.php(914): App\Controllers\Home->index()
#4 /home/mizutani/public_html/system/CodeIgniter.php(400): CodeIgniter\CodeIgniter->runController()
#5 /home/mizutani/public_html/system/CodeIgniter.php(308): CodeIgniter\CodeIgniter->handleRequest()
#6 /home/mizutani/public_html/public/index.php(45): CodeIgniter\CodeIgniter->run()
#7 {main}
CRITICAL - 2020-11-19 05:35:13 --> Invalid file: themes/mizutani/views/ui_elements/404.php
#0 /home/mizutani/public_html/system/View/View.php(228): CodeIgniter\Exceptions\FrameworkException::forInvalidFile()
#1 /home/mizutani/public_html/system/Common.php(1087): CodeIgniter\View\View->render()
#2 /home/mizutani/public_html/app/Controllers/Home.php(863): view()
#3 /home/mizutani/public_html/system/CodeIgniter.php(914): App\Controllers\Home->index()
#4 /home/mizutani/public_html/system/CodeIgniter.php(400): CodeIgniter\CodeIgniter->runController()
#5 /home/mizutani/public_html/system/CodeIgniter.php(308): CodeIgniter\CodeIgniter->handleRequest()
#6 /home/mizutani/public_html/public/index.php(45): CodeIgniter\CodeIgniter->run()
#7 {main}
CRITICAL - 2020-11-19 05:35:16 --> Invalid file: themes/mizutani/views/ui_elements/404.php
#0 /home/mizutani/public_html/system/View/View.php(228): CodeIgniter\Exceptions\FrameworkException::forInvalidFile()
#1 /home/mizutani/public_html/system/Common.php(1087): CodeIgniter\View\View->render()
#2 /home/mizutani/public_html/app/Controllers/Home.php(863): view()
#3 /home/mizutani/public_html/system/CodeIgniter.php(914): App\Controllers\Home->index()
#4 /home/mizutani/public_html/system/CodeIgniter.php(400): CodeIgniter\CodeIgniter->runController()
#5 /home/mizutani/public_html/system/CodeIgniter.php(308): CodeIgniter\CodeIgniter->handleRequest()
#6 /home/mizutani/public_html/public/index.php(45): CodeIgniter\CodeIgniter->run()
#7 {main}
CRITICAL - 2020-11-19 05:42:22 --> Invalid file: themes/mizutani/views/ui_elements/404.php
#0 /home/mizutani/public_html/system/View/View.php(228): CodeIgniter\Exceptions\FrameworkException::forInvalidFile()
#1 /home/mizutani/public_html/system/Common.php(1087): CodeIgniter\View\View->render()
#2 /home/mizutani/public_html/app/Controllers/Home.php(863): view()
#3 /home/mizutani/public_html/system/CodeIgniter.php(914): App\Controllers\Home->index()
#4 /home/mizutani/public_html/system/CodeIgniter.php(400): CodeIgniter\CodeIgniter->runController()
#5 /home/mizutani/public_html/system/CodeIgniter.php(308): CodeIgniter\CodeIgniter->handleRequest()
#6 /home/mizutani/public_html/public/index.php(45): CodeIgniter\CodeIgniter->run()
#7 {main}
CRITICAL - 2020-11-19 05:42:22 --> Invalid file: themes/mizutani/views/ui_elements/404.php
#0 /home/mizutani/public_html/system/View/View.php(228): CodeIgniter\Exceptions\FrameworkException::forInvalidFile()
#1 /home/mizutani/public_html/system/Common.php(1087): CodeIgniter\View\View->render()
#2 /home/mizutani/public_html/app/Controllers/Home.php(863): view()
#3 /home/mizutani/public_html/system/CodeIgniter.php(914): App\Controllers\Home->index()
#4 /home/mizutani/public_html/system/CodeIgniter.php(400): CodeIgniter\CodeIgniter->runController()
#5 /home/mizutani/public_html/system/CodeIgniter.php(308): CodeIgniter\CodeIgniter->handleRequest()
#6 /home/mizutani/public_html/public/index.php(45): CodeIgniter\CodeIgniter->run()
#7 {main}
CRITICAL - 2020-11-19 05:42:23 --> Invalid file: themes/mizutani/views/ui_elements/404.php
#0 /home/mizutani/public_html/system/View/View.php(228): CodeIgniter\Exceptions\FrameworkException::forInvalidFile()
#1 /home/mizutani/public_html/system/Common.php(1087): CodeIgniter\View\View->render()
#2 /home/mizutani/public_html/app/Controllers/Home.php(863): view()
#3 /home/mizutani/public_html/system/CodeIgniter.php(914): App\Controllers\Home->index()
#4 /home/mizutani/public_html/system/CodeIgniter.php(400): CodeIgniter\CodeIgniter->runController()
#5 /home/mizutani/public_html/system/CodeIgniter.php(308): CodeIgniter\CodeIgniter->handleRequest()
#6 /home/mizutani/public_html/public/index.php(45): CodeIgniter\CodeIgniter->run()
#7 {main}
