CRITICAL - 2020-11-14 04:10:09 --> Invalid file: themes/mizutani/views/ui_elements/404.php
#0 /home/mizutani/public_html/system/View/View.php(228): CodeIgniter\Exceptions\FrameworkException::forInvalidFile()
#1 /home/mizutani/public_html/system/Common.php(1087): CodeIgniter\View\View->render()
#2 /home/mizutani/public_html/app/Controllers/Home.php(817): view()
#3 /home/mizutani/public_html/system/CodeIgniter.php(914): App\Controllers\Home->index()
#4 /home/mizutani/public_html/system/CodeIgniter.php(400): CodeIgniter\CodeIgniter->runController()
#5 /home/mizutani/public_html/system/CodeIgniter.php(308): CodeIgniter\CodeIgniter->handleRequest()
#6 /home/mizutani/public_html/public/index.php(45): CodeIgniter\CodeIgniter->run()
#7 {main}
CRITICAL - 2020-11-14 04:10:09 --> Invalid file: themes/mizutani/views/ui_elements/404.php
#0 /home/mizutani/public_html/system/View/View.php(228): CodeIgniter\Exceptions\FrameworkException::forInvalidFile()
#1 /home/mizutani/public_html/system/Common.php(1087): CodeIgniter\View\View->render()
#2 /home/mizutani/public_html/app/Controllers/Home.php(817): view()
#3 /home/mizutani/public_html/system/CodeIgniter.php(914): App\Controllers\Home->index()
#4 /home/mizutani/public_html/system/CodeIgniter.php(400): CodeIgniter\CodeIgniter->runController()
#5 /home/mizutani/public_html/system/CodeIgniter.php(308): CodeIgniter\CodeIgniter->handleRequest()
#6 /home/mizutani/public_html/public/index.php(45): CodeIgniter\CodeIgniter->run()
#7 {main}
CRITICAL - 2020-11-14 04:10:09 --> Invalid file: themes/mizutani/views/ui_elements/404.php
#0 /home/mizutani/public_html/system/View/View.php(228): CodeIgniter\Exceptions\FrameworkException::forInvalidFile()
#1 /home/mizutani/public_html/system/Common.php(1087): CodeIgniter\View\View->render()
#2 /home/mizutani/public_html/app/Controllers/Home.php(817): view()
#3 /home/mizutani/public_html/system/CodeIgniter.php(914): App\Controllers\Home->index()
#4 /home/mizutani/public_html/system/CodeIgniter.php(400): CodeIgniter\CodeIgniter->runController()
#5 /home/mizutani/public_html/system/CodeIgniter.php(308): CodeIgniter\CodeIgniter->handleRequest()
#6 /home/mizutani/public_html/public/index.php(45): CodeIgniter\CodeIgniter->run()
#7 {main}
CRITICAL - 2020-11-14 04:10:10 --> Invalid file: themes/mizutani/views/ui_elements/404.php
#0 /home/mizutani/public_html/system/View/View.php(228): CodeIgniter\Exceptions\FrameworkException::forInvalidFile()
#1 /home/mizutani/public_html/system/Common.php(1087): CodeIgniter\View\View->render()
#2 /home/mizutani/public_html/app/Controllers/Home.php(817): view()
#3 /home/mizutani/public_html/system/CodeIgniter.php(914): App\Controllers\Home->index()
#4 /home/mizutani/public_html/system/CodeIgniter.php(400): CodeIgniter\CodeIgniter->runController()
#5 /home/mizutani/public_html/system/CodeIgniter.php(308): CodeIgniter\CodeIgniter->handleRequest()
#6 /home/mizutani/public_html/public/index.php(45): CodeIgniter\CodeIgniter->run()
#7 {main}
CRITICAL - 2020-11-14 04:10:15 --> Invalid file: themes/mizutani/views/ui_elements/404.php
#0 /home/mizutani/public_html/system/View/View.php(228): CodeIgniter\Exceptions\FrameworkException::forInvalidFile()
#1 /home/mizutani/public_html/system/Common.php(1087): CodeIgniter\View\View->render()
#2 /home/mizutani/public_html/app/Controllers/Home.php(817): view()
#3 /home/mizutani/public_html/system/CodeIgniter.php(914): App\Controllers\Home->index()
#4 /home/mizutani/public_html/system/CodeIgniter.php(400): CodeIgniter\CodeIgniter->runController()
#5 /home/mizutani/public_html/system/CodeIgniter.php(308): CodeIgniter\CodeIgniter->handleRequest()
#6 /home/mizutani/public_html/public/index.php(45): CodeIgniter\CodeIgniter->run()
#7 {main}
CRITICAL - 2020-11-14 04:10:15 --> Invalid file: themes/mizutani/views/ui_elements/404.php
#0 /home/mizutani/public_html/system/View/View.php(228): CodeIgniter\Exceptions\FrameworkException::forInvalidFile()
#1 /home/mizutani/public_html/system/Common.php(1087): CodeIgniter\View\View->render()
#2 /home/mizutani/public_html/app/Controllers/Home.php(817): view()
#3 /home/mizutani/public_html/system/CodeIgniter.php(914): App\Controllers\Home->index()
#4 /home/mizutani/public_html/system/CodeIgniter.php(400): CodeIgniter\CodeIgniter->runController()
#5 /home/mizutani/public_html/system/CodeIgniter.php(308): CodeIgniter\CodeIgniter->handleRequest()
#6 /home/mizutani/public_html/public/index.php(45): CodeIgniter\CodeIgniter->run()
#7 {main}
CRITICAL - 2020-11-14 04:10:15 --> Invalid file: themes/mizutani/views/ui_elements/404.php
#0 /home/mizutani/public_html/system/View/View.php(228): CodeIgniter\Exceptions\FrameworkException::forInvalidFile()
#1 /home/mizutani/public_html/system/Common.php(1087): CodeIgniter\View\View->render()
#2 /home/mizutani/public_html/app/Controllers/Home.php(817): view()
#3 /home/mizutani/public_html/system/CodeIgniter.php(914): App\Controllers\Home->index()
#4 /home/mizutani/public_html/system/CodeIgniter.php(400): CodeIgniter\CodeIgniter->runController()
#5 /home/mizutani/public_html/system/CodeIgniter.php(308): CodeIgniter\CodeIgniter->handleRequest()
#6 /home/mizutani/public_html/public/index.php(45): CodeIgniter\CodeIgniter->run()
#7 {main}
CRITICAL - 2020-11-14 04:10:20 --> Invalid file: themes/mizutani/views/ui_elements/404.php
#0 /home/mizutani/public_html/system/View/View.php(228): CodeIgniter\Exceptions\FrameworkException::forInvalidFile()
#1 /home/mizutani/public_html/system/Common.php(1087): CodeIgniter\View\View->render()
#2 /home/mizutani/public_html/app/Controllers/Home.php(817): view()
#3 /home/mizutani/public_html/system/CodeIgniter.php(914): App\Controllers\Home->index()
#4 /home/mizutani/public_html/system/CodeIgniter.php(400): CodeIgniter\CodeIgniter->runController()
#5 /home/mizutani/public_html/system/CodeIgniter.php(308): CodeIgniter\CodeIgniter->handleRequest()
#6 /home/mizutani/public_html/public/index.php(45): CodeIgniter\CodeIgniter->run()
#7 {main}
CRITICAL - 2020-11-14 04:10:20 --> Invalid file: themes/mizutani/views/ui_elements/404.php
#0 /home/mizutani/public_html/system/View/View.php(228): CodeIgniter\Exceptions\FrameworkException::forInvalidFile()
#1 /home/mizutani/public_html/system/Common.php(1087): CodeIgniter\View\View->render()
#2 /home/mizutani/public_html/app/Controllers/Home.php(817): view()
#3 /home/mizutani/public_html/system/CodeIgniter.php(914): App\Controllers\Home->index()
#4 /home/mizutani/public_html/system/CodeIgniter.php(400): CodeIgniter\CodeIgniter->runController()
#5 /home/mizutani/public_html/system/CodeIgniter.php(308): CodeIgniter\CodeIgniter->handleRequest()
#6 /home/mizutani/public_html/public/index.php(45): CodeIgniter\CodeIgniter->run()
#7 {main}
CRITICAL - 2020-11-14 04:10:21 --> Invalid file: themes/mizutani/views/ui_elements/404.php
#0 /home/mizutani/public_html/system/View/View.php(228): CodeIgniter\Exceptions\FrameworkException::forInvalidFile()
#1 /home/mizutani/public_html/system/Common.php(1087): CodeIgniter\View\View->render()
#2 /home/mizutani/public_html/app/Controllers/Home.php(817): view()
#3 /home/mizutani/public_html/system/CodeIgniter.php(914): App\Controllers\Home->index()
#4 /home/mizutani/public_html/system/CodeIgniter.php(400): CodeIgniter\CodeIgniter->runController()
#5 /home/mizutani/public_html/system/CodeIgniter.php(308): CodeIgniter\CodeIgniter->handleRequest()
#6 /home/mizutani/public_html/public/index.php(45): CodeIgniter\CodeIgniter->run()
#7 {main}
CRITICAL - 2020-11-14 04:10:26 --> Invalid file: themes/mizutani/views/ui_elements/404.php
#0 /home/mizutani/public_html/system/View/View.php(228): CodeIgniter\Exceptions\FrameworkException::forInvalidFile()
#1 /home/mizutani/public_html/system/Common.php(1087): CodeIgniter\View\View->render()
#2 /home/mizutani/public_html/app/Controllers/Home.php(817): view()
#3 /home/mizutani/public_html/system/CodeIgniter.php(914): App\Controllers\Home->index()
#4 /home/mizutani/public_html/system/CodeIgniter.php(400): CodeIgniter\CodeIgniter->runController()
#5 /home/mizutani/public_html/system/CodeIgniter.php(308): CodeIgniter\CodeIgniter->handleRequest()
#6 /home/mizutani/public_html/public/index.php(45): CodeIgniter\CodeIgniter->run()
#7 {main}
CRITICAL - 2020-11-14 04:10:26 --> Invalid file: themes/mizutani/views/ui_elements/404.php
#0 /home/mizutani/public_html/system/View/View.php(228): CodeIgniter\Exceptions\FrameworkException::forInvalidFile()
#1 /home/mizutani/public_html/system/Common.php(1087): CodeIgniter\View\View->render()
#2 /home/mizutani/public_html/app/Controllers/Home.php(817): view()
#3 /home/mizutani/public_html/system/CodeIgniter.php(914): App\Controllers\Home->index()
#4 /home/mizutani/public_html/system/CodeIgniter.php(400): CodeIgniter\CodeIgniter->runController()
#5 /home/mizutani/public_html/system/CodeIgniter.php(308): CodeIgniter\CodeIgniter->handleRequest()
#6 /home/mizutani/public_html/public/index.php(45): CodeIgniter\CodeIgniter->run()
#7 {main}
CRITICAL - 2020-11-14 04:10:26 --> Invalid file: themes/mizutani/views/ui_elements/404.php
#0 /home/mizutani/public_html/system/View/View.php(228): CodeIgniter\Exceptions\FrameworkException::forInvalidFile()
#1 /home/mizutani/public_html/system/Common.php(1087): CodeIgniter\View\View->render()
#2 /home/mizutani/public_html/app/Controllers/Home.php(817): view()
#3 /home/mizutani/public_html/system/CodeIgniter.php(914): App\Controllers\Home->index()
#4 /home/mizutani/public_html/system/CodeIgniter.php(400): CodeIgniter\CodeIgniter->runController()
#5 /home/mizutani/public_html/system/CodeIgniter.php(308): CodeIgniter\CodeIgniter->handleRequest()
#6 /home/mizutani/public_html/public/index.php(45): CodeIgniter\CodeIgniter->run()
#7 {main}
CRITICAL - 2020-11-14 04:10:31 --> Invalid file: themes/mizutani/views/ui_elements/404.php
#0 /home/mizutani/public_html/system/View/View.php(228): CodeIgniter\Exceptions\FrameworkException::forInvalidFile()
#1 /home/mizutani/public_html/system/Common.php(1087): CodeIgniter\View\View->render()
#2 /home/mizutani/public_html/app/Controllers/Home.php(817): view()
#3 /home/mizutani/public_html/system/CodeIgniter.php(914): App\Controllers\Home->index()
#4 /home/mizutani/public_html/system/CodeIgniter.php(400): CodeIgniter\CodeIgniter->runController()
#5 /home/mizutani/public_html/system/CodeIgniter.php(308): CodeIgniter\CodeIgniter->handleRequest()
#6 /home/mizutani/public_html/public/index.php(45): CodeIgniter\CodeIgniter->run()
#7 {main}
CRITICAL - 2020-11-14 04:10:31 --> Invalid file: themes/mizutani/views/ui_elements/404.php
#0 /home/mizutani/public_html/system/View/View.php(228): CodeIgniter\Exceptions\FrameworkException::forInvalidFile()
#1 /home/mizutani/public_html/system/Common.php(1087): CodeIgniter\View\View->render()
#2 /home/mizutani/public_html/app/Controllers/Home.php(817): view()
#3 /home/mizutani/public_html/system/CodeIgniter.php(914): App\Controllers\Home->index()
#4 /home/mizutani/public_html/system/CodeIgniter.php(400): CodeIgniter\CodeIgniter->runController()
#5 /home/mizutani/public_html/system/CodeIgniter.php(308): CodeIgniter\CodeIgniter->handleRequest()
#6 /home/mizutani/public_html/public/index.php(45): CodeIgniter\CodeIgniter->run()
#7 {main}
CRITICAL - 2020-11-14 04:10:49 --> Invalid file: themes/mizutani/views/ui_elements/404.php
#0 /home/mizutani/public_html/system/View/View.php(228): CodeIgniter\Exceptions\FrameworkException::forInvalidFile()
#1 /home/mizutani/public_html/system/Common.php(1087): CodeIgniter\View\View->render()
#2 /home/mizutani/public_html/app/Controllers/Home.php(817): view()
#3 /home/mizutani/public_html/system/CodeIgniter.php(914): App\Controllers\Home->index()
#4 /home/mizutani/public_html/system/CodeIgniter.php(400): CodeIgniter\CodeIgniter->runController()
#5 /home/mizutani/public_html/system/CodeIgniter.php(308): CodeIgniter\CodeIgniter->handleRequest()
#6 /home/mizutani/public_html/public/index.php(45): CodeIgniter\CodeIgniter->run()
#7 {main}
CRITICAL - 2020-11-14 04:10:51 --> Invalid file: themes/mizutani/views/ui_elements/404.php
#0 /home/mizutani/public_html/system/View/View.php(228): CodeIgniter\Exceptions\FrameworkException::forInvalidFile()
#1 /home/mizutani/public_html/system/Common.php(1087): CodeIgniter\View\View->render()
#2 /home/mizutani/public_html/app/Controllers/Home.php(817): view()
#3 /home/mizutani/public_html/system/CodeIgniter.php(914): App\Controllers\Home->index()
#4 /home/mizutani/public_html/system/CodeIgniter.php(400): CodeIgniter\CodeIgniter->runController()
#5 /home/mizutani/public_html/system/CodeIgniter.php(308): CodeIgniter\CodeIgniter->handleRequest()
#6 /home/mizutani/public_html/public/index.php(45): CodeIgniter\CodeIgniter->run()
#7 {main}
CRITICAL - 2020-11-14 04:10:52 --> Invalid file: themes/mizutani/views/ui_elements/404.php
#0 /home/mizutani/public_html/system/View/View.php(228): CodeIgniter\Exceptions\FrameworkException::forInvalidFile()
#1 /home/mizutani/public_html/system/Common.php(1087): CodeIgniter\View\View->render()
#2 /home/mizutani/public_html/app/Controllers/Home.php(817): view()
#3 /home/mizutani/public_html/system/CodeIgniter.php(914): App\Controllers\Home->index()
#4 /home/mizutani/public_html/system/CodeIgniter.php(400): CodeIgniter\CodeIgniter->runController()
#5 /home/mizutani/public_html/system/CodeIgniter.php(308): CodeIgniter\CodeIgniter->handleRequest()
#6 /home/mizutani/public_html/public/index.php(45): CodeIgniter\CodeIgniter->run()
#7 {main}
CRITICAL - 2020-11-14 04:10:53 --> Invalid file: themes/mizutani/views/ui_elements/404.php
#0 /home/mizutani/public_html/system/View/View.php(228): CodeIgniter\Exceptions\FrameworkException::forInvalidFile()
#1 /home/mizutani/public_html/system/Common.php(1087): CodeIgniter\View\View->render()
#2 /home/mizutani/public_html/app/Controllers/Home.php(817): view()
#3 /home/mizutani/public_html/system/CodeIgniter.php(914): App\Controllers\Home->index()
#4 /home/mizutani/public_html/system/CodeIgniter.php(400): CodeIgniter\CodeIgniter->runController()
#5 /home/mizutani/public_html/system/CodeIgniter.php(308): CodeIgniter\CodeIgniter->handleRequest()
#6 /home/mizutani/public_html/public/index.php(45): CodeIgniter\CodeIgniter->run()
#7 {main}
CRITICAL - 2020-11-14 04:10:54 --> Invalid file: themes/mizutani/views/ui_elements/404.php
#0 /home/mizutani/public_html/system/View/View.php(228): CodeIgniter\Exceptions\FrameworkException::forInvalidFile()
#1 /home/mizutani/public_html/system/Common.php(1087): CodeIgniter\View\View->render()
#2 /home/mizutani/public_html/app/Controllers/Home.php(817): view()
#3 /home/mizutani/public_html/system/CodeIgniter.php(914): App\Controllers\Home->index()
#4 /home/mizutani/public_html/system/CodeIgniter.php(400): CodeIgniter\CodeIgniter->runController()
#5 /home/mizutani/public_html/system/CodeIgniter.php(308): CodeIgniter\CodeIgniter->handleRequest()
#6 /home/mizutani/public_html/public/index.php(45): CodeIgniter\CodeIgniter->run()
#7 {main}
CRITICAL - 2020-11-14 04:10:55 --> Invalid file: themes/mizutani/views/ui_elements/404.php
#0 /home/mizutani/public_html/system/View/View.php(228): CodeIgniter\Exceptions\FrameworkException::forInvalidFile()
#1 /home/mizutani/public_html/system/Common.php(1087): CodeIgniter\View\View->render()
#2 /home/mizutani/public_html/app/Controllers/Home.php(817): view()
#3 /home/mizutani/public_html/system/CodeIgniter.php(914): App\Controllers\Home->index()
#4 /home/mizutani/public_html/system/CodeIgniter.php(400): CodeIgniter\CodeIgniter->runController()
#5 /home/mizutani/public_html/system/CodeIgniter.php(308): CodeIgniter\CodeIgniter->handleRequest()
#6 /home/mizutani/public_html/public/index.php(45): CodeIgniter\CodeIgniter->run()
#7 {main}
