CRITICAL - 2020-11-18 04:30:53 --> Invalid file: themes/mizutani/views/ui_elements/404.php
#0 /home/mizutani/public_html/system/View/View.php(228): CodeIgniter\Exceptions\FrameworkException::forInvalidFile()
#1 /home/mizutani/public_html/system/Common.php(1087): CodeIgniter\View\View->render()
#2 /home/mizutani/public_html/app/Controllers/Home.php(817): view()
#3 /home/mizutani/public_html/system/CodeIgniter.php(914): App\Controllers\Home->index()
#4 /home/mizutani/public_html/system/CodeIgniter.php(400): CodeIgniter\CodeIgniter->runController()
#5 /home/mizutani/public_html/system/CodeIgniter.php(308): CodeIgniter\CodeIgniter->handleRequest()
#6 /home/mizutani/public_html/public/index.php(45): CodeIgniter\CodeIgniter->run()
#7 {main}
CRITICAL - 2020-11-18 04:30:57 --> Invalid file: themes/mizutani/views/ui_elements/404.php
#0 /home/mizutani/public_html/system/View/View.php(228): CodeIgniter\Exceptions\FrameworkException::forInvalidFile()
#1 /home/mizutani/public_html/system/Common.php(1087): CodeIgniter\View\View->render()
#2 /home/mizutani/public_html/app/Controllers/Home.php(817): view()
#3 /home/mizutani/public_html/system/CodeIgniter.php(914): App\Controllers\Home->index()
#4 /home/mizutani/public_html/system/CodeIgniter.php(400): CodeIgniter\CodeIgniter->runController()
#5 /home/mizutani/public_html/system/CodeIgniter.php(308): CodeIgniter\CodeIgniter->handleRequest()
#6 /home/mizutani/public_html/public/index.php(45): CodeIgniter\CodeIgniter->run()
#7 {main}
CRITICAL - 2020-11-18 04:31:25 --> Invalid file: themes/mizutani/views/ui_elements/404.php
#0 /home/mizutani/public_html/system/View/View.php(228): CodeIgniter\Exceptions\FrameworkException::forInvalidFile()
#1 /home/mizutani/public_html/system/Common.php(1087): CodeIgniter\View\View->render()
#2 /home/mizutani/public_html/app/Controllers/Home.php(817): view()
#3 /home/mizutani/public_html/system/CodeIgniter.php(914): App\Controllers\Home->index()
#4 /home/mizutani/public_html/system/CodeIgniter.php(400): CodeIgniter\CodeIgniter->runController()
#5 /home/mizutani/public_html/system/CodeIgniter.php(308): CodeIgniter\CodeIgniter->handleRequest()
#6 /home/mizutani/public_html/public/index.php(45): CodeIgniter\CodeIgniter->run()
#7 {main}
CRITICAL - 2020-11-18 04:31:25 --> Invalid file: themes/mizutani/views/ui_elements/404.php
#0 /home/mizutani/public_html/system/View/View.php(228): CodeIgniter\Exceptions\FrameworkException::forInvalidFile()
#1 /home/mizutani/public_html/system/Common.php(1087): CodeIgniter\View\View->render()
#2 /home/mizutani/public_html/app/Controllers/Home.php(817): view()
#3 /home/mizutani/public_html/system/CodeIgniter.php(914): App\Controllers\Home->index()
#4 /home/mizutani/public_html/system/CodeIgniter.php(400): CodeIgniter\CodeIgniter->runController()
#5 /home/mizutani/public_html/system/CodeIgniter.php(308): CodeIgniter\CodeIgniter->handleRequest()
#6 /home/mizutani/public_html/public/index.php(45): CodeIgniter\CodeIgniter->run()
#7 {main}
CRITICAL - 2020-11-18 04:31:26 --> Invalid file: themes/mizutani/views/ui_elements/404.php
#0 /home/mizutani/public_html/system/View/View.php(228): CodeIgniter\Exceptions\FrameworkException::forInvalidFile()
#1 /home/mizutani/public_html/system/Common.php(1087): CodeIgniter\View\View->render()
#2 /home/mizutani/public_html/app/Controllers/Home.php(817): view()
#3 /home/mizutani/public_html/system/CodeIgniter.php(914): App\Controllers\Home->index()
#4 /home/mizutani/public_html/system/CodeIgniter.php(400): CodeIgniter\CodeIgniter->runController()
#5 /home/mizutani/public_html/system/CodeIgniter.php(308): CodeIgniter\CodeIgniter->handleRequest()
#6 /home/mizutani/public_html/public/index.php(45): CodeIgniter\CodeIgniter->run()
#7 {main}
CRITICAL - 2020-11-18 04:38:18 --> Invalid file: themes/mizutani/views/ui_elements/404.php
#0 /home/mizutani/public_html/system/View/View.php(228): CodeIgniter\Exceptions\FrameworkException::forInvalidFile()
#1 /home/mizutani/public_html/system/Common.php(1087): CodeIgniter\View\View->render()
#2 /home/mizutani/public_html/app/Controllers/Home.php(817): view()
#3 /home/mizutani/public_html/system/CodeIgniter.php(914): App\Controllers\Home->index()
#4 /home/mizutani/public_html/system/CodeIgniter.php(400): CodeIgniter\CodeIgniter->runController()
#5 /home/mizutani/public_html/system/CodeIgniter.php(308): CodeIgniter\CodeIgniter->handleRequest()
#6 /home/mizutani/public_html/public/index.php(45): CodeIgniter\CodeIgniter->run()
#7 {main}
CRITICAL - 2020-11-18 04:38:23 --> Invalid file: themes/mizutani/views/ui_elements/404.php
#0 /home/mizutani/public_html/system/View/View.php(228): CodeIgniter\Exceptions\FrameworkException::forInvalidFile()
#1 /home/mizutani/public_html/system/Common.php(1087): CodeIgniter\View\View->render()
#2 /home/mizutani/public_html/app/Controllers/Home.php(817): view()
#3 /home/mizutani/public_html/system/CodeIgniter.php(914): App\Controllers\Home->index()
#4 /home/mizutani/public_html/system/CodeIgniter.php(400): CodeIgniter\CodeIgniter->runController()
#5 /home/mizutani/public_html/system/CodeIgniter.php(308): CodeIgniter\CodeIgniter->handleRequest()
#6 /home/mizutani/public_html/public/index.php(45): CodeIgniter\CodeIgniter->run()
#7 {main}
CRITICAL - 2020-11-18 04:39:45 --> Invalid file: themes/mizutani/views/ui_elements/404.php
#0 /home/mizutani/public_html/system/View/View.php(228): CodeIgniter\Exceptions\FrameworkException::forInvalidFile()
#1 /home/mizutani/public_html/system/Common.php(1087): CodeIgniter\View\View->render()
#2 /home/mizutani/public_html/app/Controllers/Home.php(817): view()
#3 /home/mizutani/public_html/system/CodeIgniter.php(914): App\Controllers\Home->index()
#4 /home/mizutani/public_html/system/CodeIgniter.php(400): CodeIgniter\CodeIgniter->runController()
#5 /home/mizutani/public_html/system/CodeIgniter.php(308): CodeIgniter\CodeIgniter->handleRequest()
#6 /home/mizutani/public_html/public/index.php(45): CodeIgniter\CodeIgniter->run()
#7 {main}
CRITICAL - 2020-11-18 05:53:03 --> preg_replace_callback(): Allocation of JIT memory failed, PCRE JIT will be disabled. This is likely caused by security restrictions. Either grant PHP permission to allocate executable memory, or set pcre.jit=0
#0 [internal function]: CodeIgniter\Debug\Exceptions->errorHandler()
#1 /home/mizutani/public_html/system/View/Parser.php(605): preg_replace_callback()
#2 /home/mizutani/public_html/system/View/Parser.php(424): CodeIgniter\View\Parser->replaceSingle()
#3 /home/mizutani/public_html/system/View/Parser.php(309): CodeIgniter\View\Parser->parsePair()
#4 /home/mizutani/public_html/system/View/Parser.php(166): CodeIgniter\View\Parser->parse()
#5 /home/mizutani/public_html/system/Debug/Toolbar/Views/toolbar.tpl.php(140): CodeIgniter\View\Parser->render()
#6 /home/mizutani/public_html/system/Debug/Toolbar.php(498): include('/home/mizutani/...')
#7 /home/mizutani/public_html/system/Debug/Toolbar.php(455): CodeIgniter\Debug\Toolbar->format()
#8 /home/mizutani/public_html/app/Config/Events.php(44): CodeIgniter\Debug\Toolbar->respond()
#9 [internal function]: CodeIgniter\Events\Events::Config\{closure}()
#10 /home/mizutani/public_html/system/Events/Events.php(188): call_user_func()
#11 /home/mizutani/public_html/system/CodeIgniter.php(289): CodeIgniter\Events\Events::trigger()
#12 /home/mizutani/public_html/public/index.php(45): CodeIgniter\CodeIgniter->run()
#13 {main}
CRITICAL - 2020-11-18 05:53:48 --> iconv(): Wrong charset, conversion from `UTF-8' to `UTF-32BE' is not allowed
#0 [internal function]: CodeIgniter\Debug\Exceptions->errorHandler()
#1 /home/mizutani/public_html/system/ThirdParty/Escaper/Escaper.php(375): iconv()
#2 /home/mizutani/public_html/system/ThirdParty/Escaper/Escaper.php(250): Laminas\Escaper\Escaper->convertEncoding()
#3 [internal function]: Laminas\Escaper\Escaper->htmlAttrMatcher()
#4 /home/mizutani/public_html/system/ThirdParty/Escaper/Escaper.php(165): preg_replace_callback()
#5 /home/mizutani/public_html/system/Common.php(368): Laminas\Escaper\Escaper->escapeHtmlAttr()
#6 /home/mizutani/public_html/system/Common.php(1006): esc()
#7 /home/mizutani/public_html/system/Helpers/url_helper.php(287): stringify_attributes()
#8 /home/mizutani/public_html/public/themes/mizutani/views/ui_elements/shop/products/products_page_view.php(55): anchor()
#9 /home/mizutani/public_html/system/View/View.php(246): include('/home/mizutani/...')
#10 /home/mizutani/public_html/system/Common.php(1087): CodeIgniter\View\View->render()
#11 /home/mizutani/public_html/app/Controllers/Home.php(817): view()
#12 /home/mizutani/public_html/system/CodeIgniter.php(914): App\Controllers\Home->index()
#13 /home/mizutani/public_html/system/CodeIgniter.php(400): CodeIgniter\CodeIgniter->runController()
#14 /home/mizutani/public_html/system/CodeIgniter.php(308): CodeIgniter\CodeIgniter->handleRequest()
#15 /home/mizutani/public_html/public/index.php(45): CodeIgniter\CodeIgniter->run()
#16 {main}
CRITICAL - 2020-11-18 05:53:49 --> iconv(): Wrong charset, conversion from `UTF-8' to `UTF-32BE' is not allowed
#0 [internal function]: CodeIgniter\Debug\Exceptions->errorHandler()
#1 /home/mizutani/public_html/system/ThirdParty/Escaper/Escaper.php(375): iconv()
#2 /home/mizutani/public_html/system/ThirdParty/Escaper/Escaper.php(250): Laminas\Escaper\Escaper->convertEncoding()
#3 [internal function]: Laminas\Escaper\Escaper->htmlAttrMatcher()
#4 /home/mizutani/public_html/system/ThirdParty/Escaper/Escaper.php(165): preg_replace_callback()
#5 /home/mizutani/public_html/system/Common.php(368): Laminas\Escaper\Escaper->escapeHtmlAttr()
#6 /home/mizutani/public_html/system/Common.php(1006): esc()
#7 /home/mizutani/public_html/system/Helpers/url_helper.php(287): stringify_attributes()
#8 /home/mizutani/public_html/public/themes/mizutani/views/ui_elements/shop/products/products_page_view.php(55): anchor()
#9 /home/mizutani/public_html/system/View/View.php(246): include('/home/mizutani/...')
#10 /home/mizutani/public_html/system/Common.php(1087): CodeIgniter\View\View->render()
#11 /home/mizutani/public_html/app/Controllers/Home.php(817): view()
#12 /home/mizutani/public_html/system/CodeIgniter.php(914): App\Controllers\Home->index()
#13 /home/mizutani/public_html/system/CodeIgniter.php(400): CodeIgniter\CodeIgniter->runController()
#14 /home/mizutani/public_html/system/CodeIgniter.php(308): CodeIgniter\CodeIgniter->handleRequest()
#15 /home/mizutani/public_html/public/index.php(45): CodeIgniter\CodeIgniter->run()
#16 {main}
CRITICAL - 2020-11-18 05:53:54 --> iconv(): Wrong charset, conversion from `UTF-8' to `UTF-32BE' is not allowed
#0 [internal function]: CodeIgniter\Debug\Exceptions->errorHandler()
#1 /home/mizutani/public_html/system/ThirdParty/Escaper/Escaper.php(375): iconv()
#2 /home/mizutani/public_html/system/ThirdParty/Escaper/Escaper.php(250): Laminas\Escaper\Escaper->convertEncoding()
#3 [internal function]: Laminas\Escaper\Escaper->htmlAttrMatcher()
#4 /home/mizutani/public_html/system/ThirdParty/Escaper/Escaper.php(165): preg_replace_callback()
#5 /home/mizutani/public_html/system/Common.php(368): Laminas\Escaper\Escaper->escapeHtmlAttr()
#6 /home/mizutani/public_html/system/Common.php(1006): esc()
#7 /home/mizutani/public_html/system/Helpers/url_helper.php(287): stringify_attributes()
#8 /home/mizutani/public_html/public/themes/mizutani/views/ui_elements/shop/products/products_page_view.php(55): anchor()
#9 /home/mizutani/public_html/system/View/View.php(246): include('/home/mizutani/...')
#10 /home/mizutani/public_html/system/Common.php(1087): CodeIgniter\View\View->render()
#11 /home/mizutani/public_html/app/Controllers/Home.php(817): view()
#12 /home/mizutani/public_html/system/CodeIgniter.php(914): App\Controllers\Home->index()
#13 /home/mizutani/public_html/system/CodeIgniter.php(400): CodeIgniter\CodeIgniter->runController()
#14 /home/mizutani/public_html/system/CodeIgniter.php(308): CodeIgniter\CodeIgniter->handleRequest()
#15 /home/mizutani/public_html/public/index.php(45): CodeIgniter\CodeIgniter->run()
#16 {main}
CRITICAL - 2020-11-18 05:53:58 --> iconv(): Wrong charset, conversion from `UTF-8' to `UTF-32BE' is not allowed
#0 [internal function]: CodeIgniter\Debug\Exceptions->errorHandler()
#1 /home/mizutani/public_html/system/ThirdParty/Escaper/Escaper.php(375): iconv()
#2 /home/mizutani/public_html/system/ThirdParty/Escaper/Escaper.php(250): Laminas\Escaper\Escaper->convertEncoding()
#3 [internal function]: Laminas\Escaper\Escaper->htmlAttrMatcher()
#4 /home/mizutani/public_html/system/ThirdParty/Escaper/Escaper.php(165): preg_replace_callback()
#5 /home/mizutani/public_html/system/Common.php(368): Laminas\Escaper\Escaper->escapeHtmlAttr()
#6 /home/mizutani/public_html/system/Common.php(1006): esc()
#7 /home/mizutani/public_html/system/Helpers/url_helper.php(287): stringify_attributes()
#8 /home/mizutani/public_html/public/themes/mizutani/views/ui_elements/shop/products/products_page_view.php(55): anchor()
#9 /home/mizutani/public_html/system/View/View.php(246): include('/home/mizutani/...')
#10 /home/mizutani/public_html/system/Common.php(1087): CodeIgniter\View\View->render()
#11 /home/mizutani/public_html/app/Controllers/Home.php(817): view()
#12 /home/mizutani/public_html/system/CodeIgniter.php(914): App\Controllers\Home->index()
#13 /home/mizutani/public_html/system/CodeIgniter.php(400): CodeIgniter\CodeIgniter->runController()
#14 /home/mizutani/public_html/system/CodeIgniter.php(308): CodeIgniter\CodeIgniter->handleRequest()
#15 /home/mizutani/public_html/public/index.php(45): CodeIgniter\CodeIgniter->run()
#16 {main}
CRITICAL - 2020-11-18 06:03:55 --> Invalid file: themes/mizutani/views/ui_elements/404.php
#0 /home/mizutani/public_html/system/View/View.php(228): CodeIgniter\Exceptions\FrameworkException::forInvalidFile()
#1 /home/mizutani/public_html/system/Common.php(1087): CodeIgniter\View\View->render()
#2 /home/mizutani/public_html/app/Controllers/Home.php(817): view()
#3 /home/mizutani/public_html/system/CodeIgniter.php(914): App\Controllers\Home->index()
#4 /home/mizutani/public_html/system/CodeIgniter.php(400): CodeIgniter\CodeIgniter->runController()
#5 /home/mizutani/public_html/system/CodeIgniter.php(308): CodeIgniter\CodeIgniter->handleRequest()
#6 /home/mizutani/public_html/public/index.php(45): CodeIgniter\CodeIgniter->run()
#7 {main}
CRITICAL - 2020-11-18 23:11:37 --> Invalid file: themes/mizutani/views/ui_elements/404.php
#0 /home/mizutani/public_html/system/View/View.php(228): CodeIgniter\Exceptions\FrameworkException::forInvalidFile()
#1 /home/mizutani/public_html/system/Common.php(1087): CodeIgniter\View\View->render()
#2 /home/mizutani/public_html/app/Controllers/Home.php(817): view()
#3 /home/mizutani/public_html/system/CodeIgniter.php(914): App\Controllers\Home->index()
#4 /home/mizutani/public_html/system/CodeIgniter.php(400): CodeIgniter\CodeIgniter->runController()
#5 /home/mizutani/public_html/system/CodeIgniter.php(308): CodeIgniter\CodeIgniter->handleRequest()
#6 /home/mizutani/public_html/public/index.php(45): CodeIgniter\CodeIgniter->run()
#7 {main}
CRITICAL - 2020-11-18 23:11:38 --> Invalid file: themes/mizutani/views/ui_elements/404.php
#0 /home/mizutani/public_html/system/View/View.php(228): CodeIgniter\Exceptions\FrameworkException::forInvalidFile()
#1 /home/mizutani/public_html/system/Common.php(1087): CodeIgniter\View\View->render()
#2 /home/mizutani/public_html/app/Controllers/Home.php(817): view()
#3 /home/mizutani/public_html/system/CodeIgniter.php(914): App\Controllers\Home->index()
#4 /home/mizutani/public_html/system/CodeIgniter.php(400): CodeIgniter\CodeIgniter->runController()
#5 /home/mizutani/public_html/system/CodeIgniter.php(308): CodeIgniter\CodeIgniter->handleRequest()
#6 /home/mizutani/public_html/public/index.php(45): CodeIgniter\CodeIgniter->run()
#7 {main}
CRITICAL - 2020-11-18 23:11:39 --> Invalid file: themes/mizutani/views/ui_elements/404.php
#0 /home/mizutani/public_html/system/View/View.php(228): CodeIgniter\Exceptions\FrameworkException::forInvalidFile()
#1 /home/mizutani/public_html/system/Common.php(1087): CodeIgniter\View\View->render()
#2 /home/mizutani/public_html/app/Controllers/Home.php(817): view()
#3 /home/mizutani/public_html/system/CodeIgniter.php(914): App\Controllers\Home->index()
#4 /home/mizutani/public_html/system/CodeIgniter.php(400): CodeIgniter\CodeIgniter->runController()
#5 /home/mizutani/public_html/system/CodeIgniter.php(308): CodeIgniter\CodeIgniter->handleRequest()
#6 /home/mizutani/public_html/public/index.php(45): CodeIgniter\CodeIgniter->run()
#7 {main}
CRITICAL - 2020-11-18 23:11:40 --> Invalid file: themes/mizutani/views/ui_elements/404.php
#0 /home/mizutani/public_html/system/View/View.php(228): CodeIgniter\Exceptions\FrameworkException::forInvalidFile()
#1 /home/mizutani/public_html/system/Common.php(1087): CodeIgniter\View\View->render()
#2 /home/mizutani/public_html/app/Controllers/Home.php(817): view()
#3 /home/mizutani/public_html/system/CodeIgniter.php(914): App\Controllers\Home->index()
#4 /home/mizutani/public_html/system/CodeIgniter.php(400): CodeIgniter\CodeIgniter->runController()
#5 /home/mizutani/public_html/system/CodeIgniter.php(308): CodeIgniter\CodeIgniter->handleRequest()
#6 /home/mizutani/public_html/public/index.php(45): CodeIgniter\CodeIgniter->run()
#7 {main}
CRITICAL - 2020-11-18 23:11:43 --> Invalid file: themes/mizutani/views/ui_elements/404.php
#0 /home/mizutani/public_html/system/View/View.php(228): CodeIgniter\Exceptions\FrameworkException::forInvalidFile()
#1 /home/mizutani/public_html/system/Common.php(1087): CodeIgniter\View\View->render()
#2 /home/mizutani/public_html/app/Controllers/Home.php(817): view()
#3 /home/mizutani/public_html/system/CodeIgniter.php(914): App\Controllers\Home->index()
#4 /home/mizutani/public_html/system/CodeIgniter.php(400): CodeIgniter\CodeIgniter->runController()
#5 /home/mizutani/public_html/system/CodeIgniter.php(308): CodeIgniter\CodeIgniter->handleRequest()
#6 /home/mizutani/public_html/public/index.php(45): CodeIgniter\CodeIgniter->run()
#7 {main}
CRITICAL - 2020-11-18 23:11:43 --> Invalid file: themes/mizutani/views/ui_elements/404.php
#0 /home/mizutani/public_html/system/View/View.php(228): CodeIgniter\Exceptions\FrameworkException::forInvalidFile()
#1 /home/mizutani/public_html/system/Common.php(1087): CodeIgniter\View\View->render()
#2 /home/mizutani/public_html/app/Controllers/Home.php(817): view()
#3 /home/mizutani/public_html/system/CodeIgniter.php(914): App\Controllers\Home->index()
#4 /home/mizutani/public_html/system/CodeIgniter.php(400): CodeIgniter\CodeIgniter->runController()
#5 /home/mizutani/public_html/system/CodeIgniter.php(308): CodeIgniter\CodeIgniter->handleRequest()
#6 /home/mizutani/public_html/public/index.php(45): CodeIgniter\CodeIgniter->run()
#7 {main}
CRITICAL - 2020-11-18 23:11:43 --> Invalid file: themes/mizutani/views/ui_elements/404.php
#0 /home/mizutani/public_html/system/View/View.php(228): CodeIgniter\Exceptions\FrameworkException::forInvalidFile()
#1 /home/mizutani/public_html/system/Common.php(1087): CodeIgniter\View\View->render()
#2 /home/mizutani/public_html/app/Controllers/Home.php(817): view()
#3 /home/mizutani/public_html/system/CodeIgniter.php(914): App\Controllers\Home->index()
#4 /home/mizutani/public_html/system/CodeIgniter.php(400): CodeIgniter\CodeIgniter->runController()
#5 /home/mizutani/public_html/system/CodeIgniter.php(308): CodeIgniter\CodeIgniter->handleRequest()
#6 /home/mizutani/public_html/public/index.php(45): CodeIgniter\CodeIgniter->run()
#7 {main}
CRITICAL - 2020-11-18 23:11:48 --> Invalid file: themes/mizutani/views/ui_elements/404.php
#0 /home/mizutani/public_html/system/View/View.php(228): CodeIgniter\Exceptions\FrameworkException::forInvalidFile()
#1 /home/mizutani/public_html/system/Common.php(1087): CodeIgniter\View\View->render()
#2 /home/mizutani/public_html/app/Controllers/Home.php(817): view()
#3 /home/mizutani/public_html/system/CodeIgniter.php(914): App\Controllers\Home->index()
#4 /home/mizutani/public_html/system/CodeIgniter.php(400): CodeIgniter\CodeIgniter->runController()
#5 /home/mizutani/public_html/system/CodeIgniter.php(308): CodeIgniter\CodeIgniter->handleRequest()
#6 /home/mizutani/public_html/public/index.php(45): CodeIgniter\CodeIgniter->run()
#7 {main}
CRITICAL - 2020-11-18 23:11:48 --> Invalid file: themes/mizutani/views/ui_elements/404.php
#0 /home/mizutani/public_html/system/View/View.php(228): CodeIgniter\Exceptions\FrameworkException::forInvalidFile()
#1 /home/mizutani/public_html/system/Common.php(1087): CodeIgniter\View\View->render()
#2 /home/mizutani/public_html/app/Controllers/Home.php(817): view()
#3 /home/mizutani/public_html/system/CodeIgniter.php(914): App\Controllers\Home->index()
#4 /home/mizutani/public_html/system/CodeIgniter.php(400): CodeIgniter\CodeIgniter->runController()
#5 /home/mizutani/public_html/system/CodeIgniter.php(308): CodeIgniter\CodeIgniter->handleRequest()
#6 /home/mizutani/public_html/public/index.php(45): CodeIgniter\CodeIgniter->run()
#7 {main}
CRITICAL - 2020-11-18 23:11:49 --> Invalid file: themes/mizutani/views/ui_elements/404.php
#0 /home/mizutani/public_html/system/View/View.php(228): CodeIgniter\Exceptions\FrameworkException::forInvalidFile()
#1 /home/mizutani/public_html/system/Common.php(1087): CodeIgniter\View\View->render()
#2 /home/mizutani/public_html/app/Controllers/Home.php(817): view()
#3 /home/mizutani/public_html/system/CodeIgniter.php(914): App\Controllers\Home->index()
#4 /home/mizutani/public_html/system/CodeIgniter.php(400): CodeIgniter\CodeIgniter->runController()
#5 /home/mizutani/public_html/system/CodeIgniter.php(308): CodeIgniter\CodeIgniter->handleRequest()
#6 /home/mizutani/public_html/public/index.php(45): CodeIgniter\CodeIgniter->run()
#7 {main}
CRITICAL - 2020-11-18 23:11:54 --> Invalid file: themes/mizutani/views/ui_elements/404.php
#0 /home/mizutani/public_html/system/View/View.php(228): CodeIgniter\Exceptions\FrameworkException::forInvalidFile()
#1 /home/mizutani/public_html/system/Common.php(1087): CodeIgniter\View\View->render()
#2 /home/mizutani/public_html/app/Controllers/Home.php(817): view()
#3 /home/mizutani/public_html/system/CodeIgniter.php(914): App\Controllers\Home->index()
#4 /home/mizutani/public_html/system/CodeIgniter.php(400): CodeIgniter\CodeIgniter->runController()
#5 /home/mizutani/public_html/system/CodeIgniter.php(308): CodeIgniter\CodeIgniter->handleRequest()
#6 /home/mizutani/public_html/public/index.php(45): CodeIgniter\CodeIgniter->run()
#7 {main}
CRITICAL - 2020-11-18 23:11:54 --> Invalid file: themes/mizutani/views/ui_elements/404.php
#0 /home/mizutani/public_html/system/View/View.php(228): CodeIgniter\Exceptions\FrameworkException::forInvalidFile()
#1 /home/mizutani/public_html/system/Common.php(1087): CodeIgniter\View\View->render()
#2 /home/mizutani/public_html/app/Controllers/Home.php(817): view()
#3 /home/mizutani/public_html/system/CodeIgniter.php(914): App\Controllers\Home->index()
#4 /home/mizutani/public_html/system/CodeIgniter.php(400): CodeIgniter\CodeIgniter->runController()
#5 /home/mizutani/public_html/system/CodeIgniter.php(308): CodeIgniter\CodeIgniter->handleRequest()
#6 /home/mizutani/public_html/public/index.php(45): CodeIgniter\CodeIgniter->run()
#7 {main}
CRITICAL - 2020-11-18 23:11:54 --> Invalid file: themes/mizutani/views/ui_elements/404.php
#0 /home/mizutani/public_html/system/View/View.php(228): CodeIgniter\Exceptions\FrameworkException::forInvalidFile()
#1 /home/mizutani/public_html/system/Common.php(1087): CodeIgniter\View\View->render()
#2 /home/mizutani/public_html/app/Controllers/Home.php(817): view()
#3 /home/mizutani/public_html/system/CodeIgniter.php(914): App\Controllers\Home->index()
#4 /home/mizutani/public_html/system/CodeIgniter.php(400): CodeIgniter\CodeIgniter->runController()
#5 /home/mizutani/public_html/system/CodeIgniter.php(308): CodeIgniter\CodeIgniter->handleRequest()
#6 /home/mizutani/public_html/public/index.php(45): CodeIgniter\CodeIgniter->run()
#7 {main}
CRITICAL - 2020-11-18 23:11:59 --> Invalid file: themes/mizutani/views/ui_elements/404.php
#0 /home/mizutani/public_html/system/View/View.php(228): CodeIgniter\Exceptions\FrameworkException::forInvalidFile()
#1 /home/mizutani/public_html/system/Common.php(1087): CodeIgniter\View\View->render()
#2 /home/mizutani/public_html/app/Controllers/Home.php(817): view()
#3 /home/mizutani/public_html/system/CodeIgniter.php(914): App\Controllers\Home->index()
#4 /home/mizutani/public_html/system/CodeIgniter.php(400): CodeIgniter\CodeIgniter->runController()
#5 /home/mizutani/public_html/system/CodeIgniter.php(308): CodeIgniter\CodeIgniter->handleRequest()
#6 /home/mizutani/public_html/public/index.php(45): CodeIgniter\CodeIgniter->run()
#7 {main}
CRITICAL - 2020-11-18 23:11:59 --> Invalid file: themes/mizutani/views/ui_elements/404.php
#0 /home/mizutani/public_html/system/View/View.php(228): CodeIgniter\Exceptions\FrameworkException::forInvalidFile()
#1 /home/mizutani/public_html/system/Common.php(1087): CodeIgniter\View\View->render()
#2 /home/mizutani/public_html/app/Controllers/Home.php(817): view()
#3 /home/mizutani/public_html/system/CodeIgniter.php(914): App\Controllers\Home->index()
#4 /home/mizutani/public_html/system/CodeIgniter.php(400): CodeIgniter\CodeIgniter->runController()
#5 /home/mizutani/public_html/system/CodeIgniter.php(308): CodeIgniter\CodeIgniter->handleRequest()
#6 /home/mizutani/public_html/public/index.php(45): CodeIgniter\CodeIgniter->run()
#7 {main}
CRITICAL - 2020-11-18 23:47:26 --> Invalid file: themes/mizutani/views/ui_elements/404.php
#0 /home/mizutani/public_html/system/View/View.php(228): CodeIgniter\Exceptions\FrameworkException::forInvalidFile()
#1 /home/mizutani/public_html/system/Common.php(1087): CodeIgniter\View\View->render()
#2 /home/mizutani/public_html/app/Controllers/Home.php(817): view()
#3 /home/mizutani/public_html/system/CodeIgniter.php(914): App\Controllers\Home->index()
#4 /home/mizutani/public_html/system/CodeIgniter.php(400): CodeIgniter\CodeIgniter->runController()
#5 /home/mizutani/public_html/system/CodeIgniter.php(308): CodeIgniter\CodeIgniter->handleRequest()
#6 /home/mizutani/public_html/public/index.php(45): CodeIgniter\CodeIgniter->run()
#7 {main}
CRITICAL - 2020-11-18 23:47:32 --> Invalid file: themes/mizutani/views/ui_elements/404.php
#0 /home/mizutani/public_html/system/View/View.php(228): CodeIgniter\Exceptions\FrameworkException::forInvalidFile()
#1 /home/mizutani/public_html/system/Common.php(1087): CodeIgniter\View\View->render()
#2 /home/mizutani/public_html/app/Controllers/Home.php(817): view()
#3 /home/mizutani/public_html/system/CodeIgniter.php(914): App\Controllers\Home->index()
#4 /home/mizutani/public_html/system/CodeIgniter.php(400): CodeIgniter\CodeIgniter->runController()
#5 /home/mizutani/public_html/system/CodeIgniter.php(308): CodeIgniter\CodeIgniter->handleRequest()
#6 /home/mizutani/public_html/public/index.php(45): CodeIgniter\CodeIgniter->run()
#7 {main}
CRITICAL - 2020-11-18 23:47:38 --> Invalid file: themes/mizutani/views/ui_elements/404.php
#0 /home/mizutani/public_html/system/View/View.php(228): CodeIgniter\Exceptions\FrameworkException::forInvalidFile()
#1 /home/mizutani/public_html/system/Common.php(1087): CodeIgniter\View\View->render()
#2 /home/mizutani/public_html/app/Controllers/Home.php(817): view()
#3 /home/mizutani/public_html/system/CodeIgniter.php(914): App\Controllers\Home->index()
#4 /home/mizutani/public_html/system/CodeIgniter.php(400): CodeIgniter\CodeIgniter->runController()
#5 /home/mizutani/public_html/system/CodeIgniter.php(308): CodeIgniter\CodeIgniter->handleRequest()
#6 /home/mizutani/public_html/public/index.php(45): CodeIgniter\CodeIgniter->run()
#7 {main}
CRITICAL - 2020-11-18 23:47:47 --> Invalid file: themes/mizutani/views/ui_elements/404.php
#0 /home/mizutani/public_html/system/View/View.php(228): CodeIgniter\Exceptions\FrameworkException::forInvalidFile()
#1 /home/mizutani/public_html/system/Common.php(1087): CodeIgniter\View\View->render()
#2 /home/mizutani/public_html/app/Controllers/Home.php(817): view()
#3 /home/mizutani/public_html/system/CodeIgniter.php(914): App\Controllers\Home->index()
#4 /home/mizutani/public_html/system/CodeIgniter.php(400): CodeIgniter\CodeIgniter->runController()
#5 /home/mizutani/public_html/system/CodeIgniter.php(308): CodeIgniter\CodeIgniter->handleRequest()
#6 /home/mizutani/public_html/public/index.php(45): CodeIgniter\CodeIgniter->run()
#7 {main}
CRITICAL - 2020-11-18 23:47:47 --> Invalid file: themes/mizutani/views/ui_elements/404.php
#0 /home/mizutani/public_html/system/View/View.php(228): CodeIgniter\Exceptions\FrameworkException::forInvalidFile()
#1 /home/mizutani/public_html/system/Common.php(1087): CodeIgniter\View\View->render()
#2 /home/mizutani/public_html/app/Controllers/Home.php(817): view()
#3 /home/mizutani/public_html/system/CodeIgniter.php(914): App\Controllers\Home->index()
#4 /home/mizutani/public_html/system/CodeIgniter.php(400): CodeIgniter\CodeIgniter->runController()
#5 /home/mizutani/public_html/system/CodeIgniter.php(308): CodeIgniter\CodeIgniter->handleRequest()
#6 /home/mizutani/public_html/public/index.php(45): CodeIgniter\CodeIgniter->run()
#7 {main}
CRITICAL - 2020-11-18 23:47:47 --> Invalid file: themes/mizutani/views/ui_elements/404.php
#0 /home/mizutani/public_html/system/View/View.php(228): CodeIgniter\Exceptions\FrameworkException::forInvalidFile()
#1 /home/mizutani/public_html/system/Common.php(1087): CodeIgniter\View\View->render()
#2 /home/mizutani/public_html/app/Controllers/Home.php(817): view()
#3 /home/mizutani/public_html/system/CodeIgniter.php(914): App\Controllers\Home->index()
#4 /home/mizutani/public_html/system/CodeIgniter.php(400): CodeIgniter\CodeIgniter->runController()
#5 /home/mizutani/public_html/system/CodeIgniter.php(308): CodeIgniter\CodeIgniter->handleRequest()
#6 /home/mizutani/public_html/public/index.php(45): CodeIgniter\CodeIgniter->run()
#7 {main}
CRITICAL - 2020-11-18 23:47:52 --> Invalid file: themes/mizutani/views/ui_elements/404.php
#0 /home/mizutani/public_html/system/View/View.php(228): CodeIgniter\Exceptions\FrameworkException::forInvalidFile()
#1 /home/mizutani/public_html/system/Common.php(1087): CodeIgniter\View\View->render()
#2 /home/mizutani/public_html/app/Controllers/Home.php(817): view()
#3 /home/mizutani/public_html/system/CodeIgniter.php(914): App\Controllers\Home->index()
#4 /home/mizutani/public_html/system/CodeIgniter.php(400): CodeIgniter\CodeIgniter->runController()
#5 /home/mizutani/public_html/system/CodeIgniter.php(308): CodeIgniter\CodeIgniter->handleRequest()
#6 /home/mizutani/public_html/public/index.php(45): CodeIgniter\CodeIgniter->run()
#7 {main}
CRITICAL - 2020-11-18 23:47:52 --> Invalid file: themes/mizutani/views/ui_elements/404.php
#0 /home/mizutani/public_html/system/View/View.php(228): CodeIgniter\Exceptions\FrameworkException::forInvalidFile()
#1 /home/mizutani/public_html/system/Common.php(1087): CodeIgniter\View\View->render()
#2 /home/mizutani/public_html/app/Controllers/Home.php(817): view()
#3 /home/mizutani/public_html/system/CodeIgniter.php(914): App\Controllers\Home->index()
#4 /home/mizutani/public_html/system/CodeIgniter.php(400): CodeIgniter\CodeIgniter->runController()
#5 /home/mizutani/public_html/system/CodeIgniter.php(308): CodeIgniter\CodeIgniter->handleRequest()
#6 /home/mizutani/public_html/public/index.php(45): CodeIgniter\CodeIgniter->run()
#7 {main}
CRITICAL - 2020-11-18 23:47:52 --> Invalid file: themes/mizutani/views/ui_elements/404.php
#0 /home/mizutani/public_html/system/View/View.php(228): CodeIgniter\Exceptions\FrameworkException::forInvalidFile()
#1 /home/mizutani/public_html/system/Common.php(1087): CodeIgniter\View\View->render()
#2 /home/mizutani/public_html/app/Controllers/Home.php(817): view()
#3 /home/mizutani/public_html/system/CodeIgniter.php(914): App\Controllers\Home->index()
#4 /home/mizutani/public_html/system/CodeIgniter.php(400): CodeIgniter\CodeIgniter->runController()
#5 /home/mizutani/public_html/system/CodeIgniter.php(308): CodeIgniter\CodeIgniter->handleRequest()
#6 /home/mizutani/public_html/public/index.php(45): CodeIgniter\CodeIgniter->run()
#7 {main}
CRITICAL - 2020-11-18 23:47:52 --> Invalid file: themes/mizutani/views/ui_elements/404.php
#0 /home/mizutani/public_html/system/View/View.php(228): CodeIgniter\Exceptions\FrameworkException::forInvalidFile()
#1 /home/mizutani/public_html/system/Common.php(1087): CodeIgniter\View\View->render()
#2 /home/mizutani/public_html/app/Controllers/Home.php(817): view()
#3 /home/mizutani/public_html/system/CodeIgniter.php(914): App\Controllers\Home->index()
#4 /home/mizutani/public_html/system/CodeIgniter.php(400): CodeIgniter\CodeIgniter->runController()
#5 /home/mizutani/public_html/system/CodeIgniter.php(308): CodeIgniter\CodeIgniter->handleRequest()
#6 /home/mizutani/public_html/public/index.php(45): CodeIgniter\CodeIgniter->run()
#7 {main}
CRITICAL - 2020-11-18 23:47:57 --> Invalid file: themes/mizutani/views/ui_elements/404.php
#0 /home/mizutani/public_html/system/View/View.php(228): CodeIgniter\Exceptions\FrameworkException::forInvalidFile()
#1 /home/mizutani/public_html/system/Common.php(1087): CodeIgniter\View\View->render()
#2 /home/mizutani/public_html/app/Controllers/Home.php(817): view()
#3 /home/mizutani/public_html/system/CodeIgniter.php(914): App\Controllers\Home->index()
#4 /home/mizutani/public_html/system/CodeIgniter.php(400): CodeIgniter\CodeIgniter->runController()
#5 /home/mizutani/public_html/system/CodeIgniter.php(308): CodeIgniter\CodeIgniter->handleRequest()
#6 /home/mizutani/public_html/public/index.php(45): CodeIgniter\CodeIgniter->run()
#7 {main}
CRITICAL - 2020-11-18 23:47:57 --> Invalid file: themes/mizutani/views/ui_elements/404.php
#0 /home/mizutani/public_html/system/View/View.php(228): CodeIgniter\Exceptions\FrameworkException::forInvalidFile()
#1 /home/mizutani/public_html/system/Common.php(1087): CodeIgniter\View\View->render()
#2 /home/mizutani/public_html/app/Controllers/Home.php(817): view()
#3 /home/mizutani/public_html/system/CodeIgniter.php(914): App\Controllers\Home->index()
#4 /home/mizutani/public_html/system/CodeIgniter.php(400): CodeIgniter\CodeIgniter->runController()
#5 /home/mizutani/public_html/system/CodeIgniter.php(308): CodeIgniter\CodeIgniter->handleRequest()
#6 /home/mizutani/public_html/public/index.php(45): CodeIgniter\CodeIgniter->run()
#7 {main}
CRITICAL - 2020-11-18 23:47:57 --> Invalid file: themes/mizutani/views/ui_elements/404.php
#0 /home/mizutani/public_html/system/View/View.php(228): CodeIgniter\Exceptions\FrameworkException::forInvalidFile()
#1 /home/mizutani/public_html/system/Common.php(1087): CodeIgniter\View\View->render()
#2 /home/mizutani/public_html/app/Controllers/Home.php(817): view()
#3 /home/mizutani/public_html/system/CodeIgniter.php(914): App\Controllers\Home->index()
#4 /home/mizutani/public_html/system/CodeIgniter.php(400): CodeIgniter\CodeIgniter->runController()
#5 /home/mizutani/public_html/system/CodeIgniter.php(308): CodeIgniter\CodeIgniter->handleRequest()
#6 /home/mizutani/public_html/public/index.php(45): CodeIgniter\CodeIgniter->run()
#7 {main}
CRITICAL - 2020-11-18 23:47:57 --> Invalid file: themes/mizutani/views/ui_elements/404.php
#0 /home/mizutani/public_html/system/View/View.php(228): CodeIgniter\Exceptions\FrameworkException::forInvalidFile()
#1 /home/mizutani/public_html/system/Common.php(1087): CodeIgniter\View\View->render()
#2 /home/mizutani/public_html/app/Controllers/Home.php(817): view()
#3 /home/mizutani/public_html/system/CodeIgniter.php(914): App\Controllers\Home->index()
#4 /home/mizutani/public_html/system/CodeIgniter.php(400): CodeIgniter\CodeIgniter->runController()
#5 /home/mizutani/public_html/system/CodeIgniter.php(308): CodeIgniter\CodeIgniter->handleRequest()
#6 /home/mizutani/public_html/public/index.php(45): CodeIgniter\CodeIgniter->run()
#7 {main}
CRITICAL - 2020-11-18 23:47:58 --> Invalid file: themes/mizutani/views/ui_elements/404.php
#0 /home/mizutani/public_html/system/View/View.php(228): CodeIgniter\Exceptions\FrameworkException::forInvalidFile()
#1 /home/mizutani/public_html/system/Common.php(1087): CodeIgniter\View\View->render()
#2 /home/mizutani/public_html/app/Controllers/Home.php(817): view()
#3 /home/mizutani/public_html/system/CodeIgniter.php(914): App\Controllers\Home->index()
#4 /home/mizutani/public_html/system/CodeIgniter.php(400): CodeIgniter\CodeIgniter->runController()
#5 /home/mizutani/public_html/system/CodeIgniter.php(308): CodeIgniter\CodeIgniter->handleRequest()
#6 /home/mizutani/public_html/public/index.php(45): CodeIgniter\CodeIgniter->run()
#7 {main}
CRITICAL - 2020-11-18 23:47:59 --> Invalid file: themes/mizutani/views/ui_elements/404.php
#0 /home/mizutani/public_html/system/View/View.php(228): CodeIgniter\Exceptions\FrameworkException::forInvalidFile()
#1 /home/mizutani/public_html/system/Common.php(1087): CodeIgniter\View\View->render()
#2 /home/mizutani/public_html/app/Controllers/Home.php(817): view()
#3 /home/mizutani/public_html/system/CodeIgniter.php(914): App\Controllers\Home->index()
#4 /home/mizutani/public_html/system/CodeIgniter.php(400): CodeIgniter\CodeIgniter->runController()
#5 /home/mizutani/public_html/system/CodeIgniter.php(308): CodeIgniter\CodeIgniter->handleRequest()
#6 /home/mizutani/public_html/public/index.php(45): CodeIgniter\CodeIgniter->run()
#7 {main}
CRITICAL - 2020-11-18 23:48:00 --> Invalid file: themes/mizutani/views/ui_elements/404.php
#0 /home/mizutani/public_html/system/View/View.php(228): CodeIgniter\Exceptions\FrameworkException::forInvalidFile()
#1 /home/mizutani/public_html/system/Common.php(1087): CodeIgniter\View\View->render()
#2 /home/mizutani/public_html/app/Controllers/Home.php(817): view()
#3 /home/mizutani/public_html/system/CodeIgniter.php(914): App\Controllers\Home->index()
#4 /home/mizutani/public_html/system/CodeIgniter.php(400): CodeIgniter\CodeIgniter->runController()
#5 /home/mizutani/public_html/system/CodeIgniter.php(308): CodeIgniter\CodeIgniter->handleRequest()
#6 /home/mizutani/public_html/public/index.php(45): CodeIgniter\CodeIgniter->run()
#7 {main}
CRITICAL - 2020-11-18 23:48:00 --> Invalid file: themes/mizutani/views/ui_elements/404.php
#0 /home/mizutani/public_html/system/View/View.php(228): CodeIgniter\Exceptions\FrameworkException::forInvalidFile()
#1 /home/mizutani/public_html/system/Common.php(1087): CodeIgniter\View\View->render()
#2 /home/mizutani/public_html/app/Controllers/Home.php(817): view()
#3 /home/mizutani/public_html/system/CodeIgniter.php(914): App\Controllers\Home->index()
#4 /home/mizutani/public_html/system/CodeIgniter.php(400): CodeIgniter\CodeIgniter->runController()
#5 /home/mizutani/public_html/system/CodeIgniter.php(308): CodeIgniter\CodeIgniter->handleRequest()
#6 /home/mizutani/public_html/public/index.php(45): CodeIgniter\CodeIgniter->run()
#7 {main}
CRITICAL - 2020-11-18 23:48:01 --> Invalid file: themes/mizutani/views/ui_elements/404.php
#0 /home/mizutani/public_html/system/View/View.php(228): CodeIgniter\Exceptions\FrameworkException::forInvalidFile()
#1 /home/mizutani/public_html/system/Common.php(1087): CodeIgniter\View\View->render()
#2 /home/mizutani/public_html/app/Controllers/Home.php(817): view()
#3 /home/mizutani/public_html/system/CodeIgniter.php(914): App\Controllers\Home->index()
#4 /home/mizutani/public_html/system/CodeIgniter.php(400): CodeIgniter\CodeIgniter->runController()
#5 /home/mizutani/public_html/system/CodeIgniter.php(308): CodeIgniter\CodeIgniter->handleRequest()
#6 /home/mizutani/public_html/public/index.php(45): CodeIgniter\CodeIgniter->run()
#7 {main}
CRITICAL - 2020-11-18 23:48:02 --> Invalid file: themes/mizutani/views/ui_elements/404.php
#0 /home/mizutani/public_html/system/View/View.php(228): CodeIgniter\Exceptions\FrameworkException::forInvalidFile()
#1 /home/mizutani/public_html/system/Common.php(1087): CodeIgniter\View\View->render()
#2 /home/mizutani/public_html/app/Controllers/Home.php(817): view()
#3 /home/mizutani/public_html/system/CodeIgniter.php(914): App\Controllers\Home->index()
#4 /home/mizutani/public_html/system/CodeIgniter.php(400): CodeIgniter\CodeIgniter->runController()
#5 /home/mizutani/public_html/system/CodeIgniter.php(308): CodeIgniter\CodeIgniter->handleRequest()
#6 /home/mizutani/public_html/public/index.php(45): CodeIgniter\CodeIgniter->run()
#7 {main}
CRITICAL - 2020-11-18 23:48:02 --> Invalid file: themes/mizutani/views/ui_elements/404.php
#0 /home/mizutani/public_html/system/View/View.php(228): CodeIgniter\Exceptions\FrameworkException::forInvalidFile()
#1 /home/mizutani/public_html/system/Common.php(1087): CodeIgniter\View\View->render()
#2 /home/mizutani/public_html/app/Controllers/Home.php(817): view()
#3 /home/mizutani/public_html/system/CodeIgniter.php(914): App\Controllers\Home->index()
#4 /home/mizutani/public_html/system/CodeIgniter.php(400): CodeIgniter\CodeIgniter->runController()
#5 /home/mizutani/public_html/system/CodeIgniter.php(308): CodeIgniter\CodeIgniter->handleRequest()
#6 /home/mizutani/public_html/public/index.php(45): CodeIgniter\CodeIgniter->run()
#7 {main}
CRITICAL - 2020-11-18 23:48:08 --> Invalid file: themes/mizutani/views/ui_elements/404.php
#0 /home/mizutani/public_html/system/View/View.php(228): CodeIgniter\Exceptions\FrameworkException::forInvalidFile()
#1 /home/mizutani/public_html/system/Common.php(1087): CodeIgniter\View\View->render()
#2 /home/mizutani/public_html/app/Controllers/Home.php(817): view()
#3 /home/mizutani/public_html/system/CodeIgniter.php(914): App\Controllers\Home->index()
#4 /home/mizutani/public_html/system/CodeIgniter.php(400): CodeIgniter\CodeIgniter->runController()
#5 /home/mizutani/public_html/system/CodeIgniter.php(308): CodeIgniter\CodeIgniter->handleRequest()
#6 /home/mizutani/public_html/public/index.php(45): CodeIgniter\CodeIgniter->run()
#7 {main}
CRITICAL - 2020-11-18 23:48:08 --> Invalid file: themes/mizutani/views/ui_elements/404.php
#0 /home/mizutani/public_html/system/View/View.php(228): CodeIgniter\Exceptions\FrameworkException::forInvalidFile()
#1 /home/mizutani/public_html/system/Common.php(1087): CodeIgniter\View\View->render()
#2 /home/mizutani/public_html/app/Controllers/Home.php(817): view()
#3 /home/mizutani/public_html/system/CodeIgniter.php(914): App\Controllers\Home->index()
#4 /home/mizutani/public_html/system/CodeIgniter.php(400): CodeIgniter\CodeIgniter->runController()
#5 /home/mizutani/public_html/system/CodeIgniter.php(308): CodeIgniter\CodeIgniter->handleRequest()
#6 /home/mizutani/public_html/public/index.php(45): CodeIgniter\CodeIgniter->run()
#7 {main}
CRITICAL - 2020-11-18 23:48:08 --> Invalid file: themes/mizutani/views/ui_elements/404.php
#0 /home/mizutani/public_html/system/View/View.php(228): CodeIgniter\Exceptions\FrameworkException::forInvalidFile()
#1 /home/mizutani/public_html/system/Common.php(1087): CodeIgniter\View\View->render()
#2 /home/mizutani/public_html/app/Controllers/Home.php(817): view()
#3 /home/mizutani/public_html/system/CodeIgniter.php(914): App\Controllers\Home->index()
#4 /home/mizutani/public_html/system/CodeIgniter.php(400): CodeIgniter\CodeIgniter->runController()
#5 /home/mizutani/public_html/system/CodeIgniter.php(308): CodeIgniter\CodeIgniter->handleRequest()
#6 /home/mizutani/public_html/public/index.php(45): CodeIgniter\CodeIgniter->run()
#7 {main}
