CRITICAL - 2020-11-11 00:02:48 --> Invalid file: themes/mizutani/views/ui_elements/404.php
#0 /home/mizutani/public_html/system/View/View.php(228): CodeIgniter\Exceptions\FrameworkException::forInvalidFile()
#1 /home/mizutani/public_html/system/Common.php(1087): CodeIgniter\View\View->render()
#2 /home/mizutani/public_html/app/Controllers/Home.php(1010): view()
#3 /home/mizutani/public_html/system/CodeIgniter.php(914): App\Controllers\Home->index()
#4 /home/mizutani/public_html/system/CodeIgniter.php(400): CodeIgniter\CodeIgniter->runController()
#5 /home/mizutani/public_html/system/CodeIgniter.php(308): CodeIgniter\CodeIgniter->handleRequest()
#6 /home/mizutani/public_html/public/index.php(45): CodeIgniter\CodeIgniter->run()
#7 {main}
CRITICAL - 2020-11-11 00:02:50 --> Invalid file: themes/mizutani/views/ui_elements/404.php
#0 /home/mizutani/public_html/system/View/View.php(228): CodeIgniter\Exceptions\FrameworkException::forInvalidFile()
#1 /home/mizutani/public_html/system/Common.php(1087): CodeIgniter\View\View->render()
#2 /home/mizutani/public_html/app/Controllers/Home.php(1010): view()
#3 /home/mizutani/public_html/system/CodeIgniter.php(914): App\Controllers\Home->index()
#4 /home/mizutani/public_html/system/CodeIgniter.php(400): CodeIgniter\CodeIgniter->runController()
#5 /home/mizutani/public_html/system/CodeIgniter.php(308): CodeIgniter\CodeIgniter->handleRequest()
#6 /home/mizutani/public_html/public/index.php(45): CodeIgniter\CodeIgniter->run()
#7 {main}
CRITICAL - 2020-11-11 00:02:50 --> Invalid file: themes/mizutani/views/ui_elements/404.php
#0 /home/mizutani/public_html/system/View/View.php(228): CodeIgniter\Exceptions\FrameworkException::forInvalidFile()
#1 /home/mizutani/public_html/system/Common.php(1087): CodeIgniter\View\View->render()
#2 /home/mizutani/public_html/app/Controllers/Home.php(1010): view()
#3 /home/mizutani/public_html/system/CodeIgniter.php(914): App\Controllers\Home->index()
#4 /home/mizutani/public_html/system/CodeIgniter.php(400): CodeIgniter\CodeIgniter->runController()
#5 /home/mizutani/public_html/system/CodeIgniter.php(308): CodeIgniter\CodeIgniter->handleRequest()
#6 /home/mizutani/public_html/public/index.php(45): CodeIgniter\CodeIgniter->run()
#7 {main}
CRITICAL - 2020-11-11 00:02:50 --> Invalid file: themes/mizutani/views/ui_elements/404.php
#0 /home/mizutani/public_html/system/View/View.php(228): CodeIgniter\Exceptions\FrameworkException::forInvalidFile()
#1 /home/mizutani/public_html/system/Common.php(1087): CodeIgniter\View\View->render()
#2 /home/mizutani/public_html/app/Controllers/Home.php(1010): view()
#3 /home/mizutani/public_html/system/CodeIgniter.php(914): App\Controllers\Home->index()
#4 /home/mizutani/public_html/system/CodeIgniter.php(400): CodeIgniter\CodeIgniter->runController()
#5 /home/mizutani/public_html/system/CodeIgniter.php(308): CodeIgniter\CodeIgniter->handleRequest()
#6 /home/mizutani/public_html/public/index.php(45): CodeIgniter\CodeIgniter->run()
#7 {main}
CRITICAL - 2020-11-11 00:02:50 --> Invalid file: themes/mizutani/views/ui_elements/404.php
#0 /home/mizutani/public_html/system/View/View.php(228): CodeIgniter\Exceptions\FrameworkException::forInvalidFile()
#1 /home/mizutani/public_html/system/Common.php(1087): CodeIgniter\View\View->render()
#2 /home/mizutani/public_html/app/Controllers/Home.php(1010): view()
#3 /home/mizutani/public_html/system/CodeIgniter.php(914): App\Controllers\Home->index()
#4 /home/mizutani/public_html/system/CodeIgniter.php(400): CodeIgniter\CodeIgniter->runController()
#5 /home/mizutani/public_html/system/CodeIgniter.php(308): CodeIgniter\CodeIgniter->handleRequest()
#6 /home/mizutani/public_html/public/index.php(45): CodeIgniter\CodeIgniter->run()
#7 {main}
CRITICAL - 2020-11-11 00:02:51 --> Invalid file: themes/mizutani/views/ui_elements/404.php
#0 /home/mizutani/public_html/system/View/View.php(228): CodeIgniter\Exceptions\FrameworkException::forInvalidFile()
#1 /home/mizutani/public_html/system/Common.php(1087): CodeIgniter\View\View->render()
#2 /home/mizutani/public_html/app/Controllers/Home.php(1010): view()
#3 /home/mizutani/public_html/system/CodeIgniter.php(914): App\Controllers\Home->index()
#4 /home/mizutani/public_html/system/CodeIgniter.php(400): CodeIgniter\CodeIgniter->runController()
#5 /home/mizutani/public_html/system/CodeIgniter.php(308): CodeIgniter\CodeIgniter->handleRequest()
#6 /home/mizutani/public_html/public/index.php(45): CodeIgniter\CodeIgniter->run()
#7 {main}
CRITICAL - 2020-11-11 00:02:51 --> Invalid file: themes/mizutani/views/ui_elements/404.php
#0 /home/mizutani/public_html/system/View/View.php(228): CodeIgniter\Exceptions\FrameworkException::forInvalidFile()
#1 /home/mizutani/public_html/system/Common.php(1087): CodeIgniter\View\View->render()
#2 /home/mizutani/public_html/app/Controllers/Home.php(1010): view()
#3 /home/mizutani/public_html/system/CodeIgniter.php(914): App\Controllers\Home->index()
#4 /home/mizutani/public_html/system/CodeIgniter.php(400): CodeIgniter\CodeIgniter->runController()
#5 /home/mizutani/public_html/system/CodeIgniter.php(308): CodeIgniter\CodeIgniter->handleRequest()
#6 /home/mizutani/public_html/public/index.php(45): CodeIgniter\CodeIgniter->run()
#7 {main}
CRITICAL - 2020-11-11 00:02:52 --> Invalid file: themes/mizutani/views/ui_elements/404.php
#0 /home/mizutani/public_html/system/View/View.php(228): CodeIgniter\Exceptions\FrameworkException::forInvalidFile()
#1 /home/mizutani/public_html/system/Common.php(1087): CodeIgniter\View\View->render()
#2 /home/mizutani/public_html/app/Controllers/Home.php(1010): view()
#3 /home/mizutani/public_html/system/CodeIgniter.php(914): App\Controllers\Home->index()
#4 /home/mizutani/public_html/system/CodeIgniter.php(400): CodeIgniter\CodeIgniter->runController()
#5 /home/mizutani/public_html/system/CodeIgniter.php(308): CodeIgniter\CodeIgniter->handleRequest()
#6 /home/mizutani/public_html/public/index.php(45): CodeIgniter\CodeIgniter->run()
#7 {main}
CRITICAL - 2020-11-11 00:02:52 --> Invalid file: themes/mizutani/views/ui_elements/404.php
#0 /home/mizutani/public_html/system/View/View.php(228): CodeIgniter\Exceptions\FrameworkException::forInvalidFile()
#1 /home/mizutani/public_html/system/Common.php(1087): CodeIgniter\View\View->render()
#2 /home/mizutani/public_html/app/Controllers/Home.php(1010): view()
#3 /home/mizutani/public_html/system/CodeIgniter.php(914): App\Controllers\Home->index()
#4 /home/mizutani/public_html/system/CodeIgniter.php(400): CodeIgniter\CodeIgniter->runController()
#5 /home/mizutani/public_html/system/CodeIgniter.php(308): CodeIgniter\CodeIgniter->handleRequest()
#6 /home/mizutani/public_html/public/index.php(45): CodeIgniter\CodeIgniter->run()
#7 {main}
CRITICAL - 2020-11-11 00:02:52 --> Invalid file: themes/mizutani/views/ui_elements/404.php
#0 /home/mizutani/public_html/system/View/View.php(228): CodeIgniter\Exceptions\FrameworkException::forInvalidFile()
#1 /home/mizutani/public_html/system/Common.php(1087): CodeIgniter\View\View->render()
#2 /home/mizutani/public_html/app/Controllers/Home.php(1010): view()
#3 /home/mizutani/public_html/system/CodeIgniter.php(914): App\Controllers\Home->index()
#4 /home/mizutani/public_html/system/CodeIgniter.php(400): CodeIgniter\CodeIgniter->runController()
#5 /home/mizutani/public_html/system/CodeIgniter.php(308): CodeIgniter\CodeIgniter->handleRequest()
#6 /home/mizutani/public_html/public/index.php(45): CodeIgniter\CodeIgniter->run()
#7 {main}
CRITICAL - 2020-11-11 00:02:54 --> Invalid file: themes/mizutani/views/ui_elements/404.php
#0 /home/mizutani/public_html/system/View/View.php(228): CodeIgniter\Exceptions\FrameworkException::forInvalidFile()
#1 /home/mizutani/public_html/system/Common.php(1087): CodeIgniter\View\View->render()
#2 /home/mizutani/public_html/app/Controllers/Home.php(1010): view()
#3 /home/mizutani/public_html/system/CodeIgniter.php(914): App\Controllers\Home->index()
#4 /home/mizutani/public_html/system/CodeIgniter.php(400): CodeIgniter\CodeIgniter->runController()
#5 /home/mizutani/public_html/system/CodeIgniter.php(308): CodeIgniter\CodeIgniter->handleRequest()
#6 /home/mizutani/public_html/public/index.php(45): CodeIgniter\CodeIgniter->run()
#7 {main}
CRITICAL - 2020-11-11 00:02:54 --> Invalid file: themes/mizutani/views/ui_elements/404.php
#0 /home/mizutani/public_html/system/View/View.php(228): CodeIgniter\Exceptions\FrameworkException::forInvalidFile()
#1 /home/mizutani/public_html/system/Common.php(1087): CodeIgniter\View\View->render()
#2 /home/mizutani/public_html/app/Controllers/Home.php(1010): view()
#3 /home/mizutani/public_html/system/CodeIgniter.php(914): App\Controllers\Home->index()
#4 /home/mizutani/public_html/system/CodeIgniter.php(400): CodeIgniter\CodeIgniter->runController()
#5 /home/mizutani/public_html/system/CodeIgniter.php(308): CodeIgniter\CodeIgniter->handleRequest()
#6 /home/mizutani/public_html/public/index.php(45): CodeIgniter\CodeIgniter->run()
#7 {main}
CRITICAL - 2020-11-11 00:02:54 --> Invalid file: themes/mizutani/views/ui_elements/404.php
#0 /home/mizutani/public_html/system/View/View.php(228): CodeIgniter\Exceptions\FrameworkException::forInvalidFile()
#1 /home/mizutani/public_html/system/Common.php(1087): CodeIgniter\View\View->render()
#2 /home/mizutani/public_html/app/Controllers/Home.php(1010): view()
#3 /home/mizutani/public_html/system/CodeIgniter.php(914): App\Controllers\Home->index()
#4 /home/mizutani/public_html/system/CodeIgniter.php(400): CodeIgniter\CodeIgniter->runController()
#5 /home/mizutani/public_html/system/CodeIgniter.php(308): CodeIgniter\CodeIgniter->handleRequest()
#6 /home/mizutani/public_html/public/index.php(45): CodeIgniter\CodeIgniter->run()
#7 {main}
CRITICAL - 2020-11-11 00:02:56 --> Invalid file: themes/mizutani/views/ui_elements/404.php
#0 /home/mizutani/public_html/system/View/View.php(228): CodeIgniter\Exceptions\FrameworkException::forInvalidFile()
#1 /home/mizutani/public_html/system/Common.php(1087): CodeIgniter\View\View->render()
#2 /home/mizutani/public_html/app/Controllers/Home.php(1010): view()
#3 /home/mizutani/public_html/system/CodeIgniter.php(914): App\Controllers\Home->index()
#4 /home/mizutani/public_html/system/CodeIgniter.php(400): CodeIgniter\CodeIgniter->runController()
#5 /home/mizutani/public_html/system/CodeIgniter.php(308): CodeIgniter\CodeIgniter->handleRequest()
#6 /home/mizutani/public_html/public/index.php(45): CodeIgniter\CodeIgniter->run()
#7 {main}
CRITICAL - 2020-11-11 00:02:56 --> Invalid file: themes/mizutani/views/ui_elements/404.php
#0 /home/mizutani/public_html/system/View/View.php(228): CodeIgniter\Exceptions\FrameworkException::forInvalidFile()
#1 /home/mizutani/public_html/system/Common.php(1087): CodeIgniter\View\View->render()
#2 /home/mizutani/public_html/app/Controllers/Home.php(1010): view()
#3 /home/mizutani/public_html/system/CodeIgniter.php(914): App\Controllers\Home->index()
#4 /home/mizutani/public_html/system/CodeIgniter.php(400): CodeIgniter\CodeIgniter->runController()
#5 /home/mizutani/public_html/system/CodeIgniter.php(308): CodeIgniter\CodeIgniter->handleRequest()
#6 /home/mizutani/public_html/public/index.php(45): CodeIgniter\CodeIgniter->run()
#7 {main}
CRITICAL - 2020-11-11 00:03:14 --> Invalid file: themes/mizutani/views/ui_elements/404.php
#0 /home/mizutani/public_html/system/View/View.php(228): CodeIgniter\Exceptions\FrameworkException::forInvalidFile()
#1 /home/mizutani/public_html/system/Common.php(1087): CodeIgniter\View\View->render()
#2 /home/mizutani/public_html/app/Controllers/Home.php(1010): view()
#3 /home/mizutani/public_html/system/CodeIgniter.php(914): App\Controllers\Home->index()
#4 /home/mizutani/public_html/system/CodeIgniter.php(400): CodeIgniter\CodeIgniter->runController()
#5 /home/mizutani/public_html/system/CodeIgniter.php(308): CodeIgniter\CodeIgniter->handleRequest()
#6 /home/mizutani/public_html/public/index.php(45): CodeIgniter\CodeIgniter->run()
#7 {main}
CRITICAL - 2020-11-11 00:03:15 --> Invalid file: themes/mizutani/views/ui_elements/404.php
#0 /home/mizutani/public_html/system/View/View.php(228): CodeIgniter\Exceptions\FrameworkException::forInvalidFile()
#1 /home/mizutani/public_html/system/Common.php(1087): CodeIgniter\View\View->render()
#2 /home/mizutani/public_html/app/Controllers/Home.php(1010): view()
#3 /home/mizutani/public_html/system/CodeIgniter.php(914): App\Controllers\Home->index()
#4 /home/mizutani/public_html/system/CodeIgniter.php(400): CodeIgniter\CodeIgniter->runController()
#5 /home/mizutani/public_html/system/CodeIgniter.php(308): CodeIgniter\CodeIgniter->handleRequest()
#6 /home/mizutani/public_html/public/index.php(45): CodeIgniter\CodeIgniter->run()
#7 {main}
CRITICAL - 2020-11-11 00:03:15 --> Invalid file: themes/mizutani/views/ui_elements/404.php
#0 /home/mizutani/public_html/system/View/View.php(228): CodeIgniter\Exceptions\FrameworkException::forInvalidFile()
#1 /home/mizutani/public_html/system/Common.php(1087): CodeIgniter\View\View->render()
#2 /home/mizutani/public_html/app/Controllers/Home.php(1010): view()
#3 /home/mizutani/public_html/system/CodeIgniter.php(914): App\Controllers\Home->index()
#4 /home/mizutani/public_html/system/CodeIgniter.php(400): CodeIgniter\CodeIgniter->runController()
#5 /home/mizutani/public_html/system/CodeIgniter.php(308): CodeIgniter\CodeIgniter->handleRequest()
#6 /home/mizutani/public_html/public/index.php(45): CodeIgniter\CodeIgniter->run()
#7 {main}
CRITICAL - 2020-11-11 00:03:15 --> Invalid file: themes/mizutani/views/ui_elements/404.php
#0 /home/mizutani/public_html/system/View/View.php(228): CodeIgniter\Exceptions\FrameworkException::forInvalidFile()
#1 /home/mizutani/public_html/system/Common.php(1087): CodeIgniter\View\View->render()
#2 /home/mizutani/public_html/app/Controllers/Home.php(1010): view()
#3 /home/mizutani/public_html/system/CodeIgniter.php(914): App\Controllers\Home->index()
#4 /home/mizutani/public_html/system/CodeIgniter.php(400): CodeIgniter\CodeIgniter->runController()
#5 /home/mizutani/public_html/system/CodeIgniter.php(308): CodeIgniter\CodeIgniter->handleRequest()
#6 /home/mizutani/public_html/public/index.php(45): CodeIgniter\CodeIgniter->run()
#7 {main}
CRITICAL - 2020-11-11 00:03:16 --> Invalid file: themes/mizutani/views/ui_elements/404.php
#0 /home/mizutani/public_html/system/View/View.php(228): CodeIgniter\Exceptions\FrameworkException::forInvalidFile()
#1 /home/mizutani/public_html/system/Common.php(1087): CodeIgniter\View\View->render()
#2 /home/mizutani/public_html/app/Controllers/Home.php(1010): view()
#3 /home/mizutani/public_html/system/CodeIgniter.php(914): App\Controllers\Home->index()
#4 /home/mizutani/public_html/system/CodeIgniter.php(400): CodeIgniter\CodeIgniter->runController()
#5 /home/mizutani/public_html/system/CodeIgniter.php(308): CodeIgniter\CodeIgniter->handleRequest()
#6 /home/mizutani/public_html/public/index.php(45): CodeIgniter\CodeIgniter->run()
#7 {main}
CRITICAL - 2020-11-11 00:03:16 --> Invalid file: themes/mizutani/views/ui_elements/404.php
#0 /home/mizutani/public_html/system/View/View.php(228): CodeIgniter\Exceptions\FrameworkException::forInvalidFile()
#1 /home/mizutani/public_html/system/Common.php(1087): CodeIgniter\View\View->render()
#2 /home/mizutani/public_html/app/Controllers/Home.php(1010): view()
#3 /home/mizutani/public_html/system/CodeIgniter.php(914): App\Controllers\Home->index()
#4 /home/mizutani/public_html/system/CodeIgniter.php(400): CodeIgniter\CodeIgniter->runController()
#5 /home/mizutani/public_html/system/CodeIgniter.php(308): CodeIgniter\CodeIgniter->handleRequest()
#6 /home/mizutani/public_html/public/index.php(45): CodeIgniter\CodeIgniter->run()
#7 {main}
CRITICAL - 2020-11-11 00:03:17 --> Invalid file: themes/mizutani/views/ui_elements/404.php
#0 /home/mizutani/public_html/system/View/View.php(228): CodeIgniter\Exceptions\FrameworkException::forInvalidFile()
#1 /home/mizutani/public_html/system/Common.php(1087): CodeIgniter\View\View->render()
#2 /home/mizutani/public_html/app/Controllers/Home.php(1010): view()
#3 /home/mizutani/public_html/system/CodeIgniter.php(914): App\Controllers\Home->index()
#4 /home/mizutani/public_html/system/CodeIgniter.php(400): CodeIgniter\CodeIgniter->runController()
#5 /home/mizutani/public_html/system/CodeIgniter.php(308): CodeIgniter\CodeIgniter->handleRequest()
#6 /home/mizutani/public_html/public/index.php(45): CodeIgniter\CodeIgniter->run()
#7 {main}
CRITICAL - 2020-11-11 00:03:18 --> Invalid file: themes/mizutani/views/ui_elements/404.php
#0 /home/mizutani/public_html/system/View/View.php(228): CodeIgniter\Exceptions\FrameworkException::forInvalidFile()
#1 /home/mizutani/public_html/system/Common.php(1087): CodeIgniter\View\View->render()
#2 /home/mizutani/public_html/app/Controllers/Home.php(1010): view()
#3 /home/mizutani/public_html/system/CodeIgniter.php(914): App\Controllers\Home->index()
#4 /home/mizutani/public_html/system/CodeIgniter.php(400): CodeIgniter\CodeIgniter->runController()
#5 /home/mizutani/public_html/system/CodeIgniter.php(308): CodeIgniter\CodeIgniter->handleRequest()
#6 /home/mizutani/public_html/public/index.php(45): CodeIgniter\CodeIgniter->run()
#7 {main}
CRITICAL - 2020-11-11 00:03:19 --> Invalid file: themes/mizutani/views/ui_elements/404.php
#0 /home/mizutani/public_html/system/View/View.php(228): CodeIgniter\Exceptions\FrameworkException::forInvalidFile()
#1 /home/mizutani/public_html/system/Common.php(1087): CodeIgniter\View\View->render()
#2 /home/mizutani/public_html/app/Controllers/Home.php(1010): view()
#3 /home/mizutani/public_html/system/CodeIgniter.php(914): App\Controllers\Home->index()
#4 /home/mizutani/public_html/system/CodeIgniter.php(400): CodeIgniter\CodeIgniter->runController()
#5 /home/mizutani/public_html/system/CodeIgniter.php(308): CodeIgniter\CodeIgniter->handleRequest()
#6 /home/mizutani/public_html/public/index.php(45): CodeIgniter\CodeIgniter->run()
#7 {main}
CRITICAL - 2020-11-11 00:03:19 --> Invalid file: themes/mizutani/views/ui_elements/404.php
#0 /home/mizutani/public_html/system/View/View.php(228): CodeIgniter\Exceptions\FrameworkException::forInvalidFile()
#1 /home/mizutani/public_html/system/Common.php(1087): CodeIgniter\View\View->render()
#2 /home/mizutani/public_html/app/Controllers/Home.php(1010): view()
#3 /home/mizutani/public_html/system/CodeIgniter.php(914): App\Controllers\Home->index()
#4 /home/mizutani/public_html/system/CodeIgniter.php(400): CodeIgniter\CodeIgniter->runController()
#5 /home/mizutani/public_html/system/CodeIgniter.php(308): CodeIgniter\CodeIgniter->handleRequest()
#6 /home/mizutani/public_html/public/index.php(45): CodeIgniter\CodeIgniter->run()
#7 {main}
CRITICAL - 2020-11-11 00:03:20 --> Invalid file: themes/mizutani/views/ui_elements/404.php
#0 /home/mizutani/public_html/system/View/View.php(228): CodeIgniter\Exceptions\FrameworkException::forInvalidFile()
#1 /home/mizutani/public_html/system/Common.php(1087): CodeIgniter\View\View->render()
#2 /home/mizutani/public_html/app/Controllers/Home.php(1010): view()
#3 /home/mizutani/public_html/system/CodeIgniter.php(914): App\Controllers\Home->index()
#4 /home/mizutani/public_html/system/CodeIgniter.php(400): CodeIgniter\CodeIgniter->runController()
#5 /home/mizutani/public_html/system/CodeIgniter.php(308): CodeIgniter\CodeIgniter->handleRequest()
#6 /home/mizutani/public_html/public/index.php(45): CodeIgniter\CodeIgniter->run()
#7 {main}
CRITICAL - 2020-11-11 00:03:20 --> Invalid file: themes/mizutani/views/ui_elements/404.php
#0 /home/mizutani/public_html/system/View/View.php(228): CodeIgniter\Exceptions\FrameworkException::forInvalidFile()
#1 /home/mizutani/public_html/system/Common.php(1087): CodeIgniter\View\View->render()
#2 /home/mizutani/public_html/app/Controllers/Home.php(1010): view()
#3 /home/mizutani/public_html/system/CodeIgniter.php(914): App\Controllers\Home->index()
#4 /home/mizutani/public_html/system/CodeIgniter.php(400): CodeIgniter\CodeIgniter->runController()
#5 /home/mizutani/public_html/system/CodeIgniter.php(308): CodeIgniter\CodeIgniter->handleRequest()
#6 /home/mizutani/public_html/public/index.php(45): CodeIgniter\CodeIgniter->run()
#7 {main}
CRITICAL - 2020-11-11 00:03:20 --> Invalid file: themes/mizutani/views/ui_elements/404.php
#0 /home/mizutani/public_html/system/View/View.php(228): CodeIgniter\Exceptions\FrameworkException::forInvalidFile()
#1 /home/mizutani/public_html/system/Common.php(1087): CodeIgniter\View\View->render()
#2 /home/mizutani/public_html/app/Controllers/Home.php(1010): view()
#3 /home/mizutani/public_html/system/CodeIgniter.php(914): App\Controllers\Home->index()
#4 /home/mizutani/public_html/system/CodeIgniter.php(400): CodeIgniter\CodeIgniter->runController()
#5 /home/mizutani/public_html/system/CodeIgniter.php(308): CodeIgniter\CodeIgniter->handleRequest()
#6 /home/mizutani/public_html/public/index.php(45): CodeIgniter\CodeIgniter->run()
#7 {main}
CRITICAL - 2020-11-11 00:03:21 --> Invalid file: themes/mizutani/views/ui_elements/404.php
#0 /home/mizutani/public_html/system/View/View.php(228): CodeIgniter\Exceptions\FrameworkException::forInvalidFile()
#1 /home/mizutani/public_html/system/Common.php(1087): CodeIgniter\View\View->render()
#2 /home/mizutani/public_html/app/Controllers/Home.php(1010): view()
#3 /home/mizutani/public_html/system/CodeIgniter.php(914): App\Controllers\Home->index()
#4 /home/mizutani/public_html/system/CodeIgniter.php(400): CodeIgniter\CodeIgniter->runController()
#5 /home/mizutani/public_html/system/CodeIgniter.php(308): CodeIgniter\CodeIgniter->handleRequest()
#6 /home/mizutani/public_html/public/index.php(45): CodeIgniter\CodeIgniter->run()
#7 {main}
CRITICAL - 2020-11-11 00:03:22 --> Invalid file: themes/mizutani/views/ui_elements/404.php
#0 /home/mizutani/public_html/system/View/View.php(228): CodeIgniter\Exceptions\FrameworkException::forInvalidFile()
#1 /home/mizutani/public_html/system/Common.php(1087): CodeIgniter\View\View->render()
#2 /home/mizutani/public_html/app/Controllers/Home.php(1010): view()
#3 /home/mizutani/public_html/system/CodeIgniter.php(914): App\Controllers\Home->index()
#4 /home/mizutani/public_html/system/CodeIgniter.php(400): CodeIgniter\CodeIgniter->runController()
#5 /home/mizutani/public_html/system/CodeIgniter.php(308): CodeIgniter\CodeIgniter->handleRequest()
#6 /home/mizutani/public_html/public/index.php(45): CodeIgniter\CodeIgniter->run()
#7 {main}
CRITICAL - 2020-11-11 00:03:22 --> Invalid file: themes/mizutani/views/ui_elements/404.php
#0 /home/mizutani/public_html/system/View/View.php(228): CodeIgniter\Exceptions\FrameworkException::forInvalidFile()
#1 /home/mizutani/public_html/system/Common.php(1087): CodeIgniter\View\View->render()
#2 /home/mizutani/public_html/app/Controllers/Home.php(1010): view()
#3 /home/mizutani/public_html/system/CodeIgniter.php(914): App\Controllers\Home->index()
#4 /home/mizutani/public_html/system/CodeIgniter.php(400): CodeIgniter\CodeIgniter->runController()
#5 /home/mizutani/public_html/system/CodeIgniter.php(308): CodeIgniter\CodeIgniter->handleRequest()
#6 /home/mizutani/public_html/public/index.php(45): CodeIgniter\CodeIgniter->run()
#7 {main}
CRITICAL - 2020-11-11 00:13:40 --> Invalid file: themes/mizutani/views/ui_elements/404.php
#0 /home/mizutani/public_html/system/View/View.php(228): CodeIgniter\Exceptions\FrameworkException::forInvalidFile()
#1 /home/mizutani/public_html/system/Common.php(1087): CodeIgniter\View\View->render()
#2 /home/mizutani/public_html/app/Controllers/Home.php(1010): view()
#3 /home/mizutani/public_html/system/CodeIgniter.php(914): App\Controllers\Home->index()
#4 /home/mizutani/public_html/system/CodeIgniter.php(400): CodeIgniter\CodeIgniter->runController()
#5 /home/mizutani/public_html/system/CodeIgniter.php(308): CodeIgniter\CodeIgniter->handleRequest()
#6 /home/mizutani/public_html/public/index.php(45): CodeIgniter\CodeIgniter->run()
#7 {main}
CRITICAL - 2020-11-11 00:13:42 --> Invalid file: themes/mizutani/views/ui_elements/404.php
#0 /home/mizutani/public_html/system/View/View.php(228): CodeIgniter\Exceptions\FrameworkException::forInvalidFile()
#1 /home/mizutani/public_html/system/Common.php(1087): CodeIgniter\View\View->render()
#2 /home/mizutani/public_html/app/Controllers/Home.php(1010): view()
#3 /home/mizutani/public_html/system/CodeIgniter.php(914): App\Controllers\Home->index()
#4 /home/mizutani/public_html/system/CodeIgniter.php(400): CodeIgniter\CodeIgniter->runController()
#5 /home/mizutani/public_html/system/CodeIgniter.php(308): CodeIgniter\CodeIgniter->handleRequest()
#6 /home/mizutani/public_html/public/index.php(45): CodeIgniter\CodeIgniter->run()
#7 {main}
CRITICAL - 2020-11-11 22:14:47 --> Invalid file: themes/mizutani/views/ui_elements/blog/blog_posts_list_view.php
#0 /home/mizutani/public_html/system/View/View.php(228): CodeIgniter\Exceptions\FrameworkException::forInvalidFile()
#1 /home/mizutani/public_html/system/Common.php(1087): CodeIgniter\View\View->render()
#2 /home/mizutani/public_html/app/Controllers/Home.php(1010): view()
#3 /home/mizutani/public_html/system/CodeIgniter.php(914): App\Controllers\Home->index()
#4 /home/mizutani/public_html/system/CodeIgniter.php(400): CodeIgniter\CodeIgniter->runController()
#5 /home/mizutani/public_html/system/CodeIgniter.php(308): CodeIgniter\CodeIgniter->handleRequest()
#6 /home/mizutani/public_html/public/index.php(45): CodeIgniter\CodeIgniter->run()
#7 {main}
CRITICAL - 2020-11-11 23:34:32 --> Array to string conversion
#0 /home/mizutani/public_html/public/themes/mizutani/views/theme_template_view.php(92): CodeIgniter\Debug\Exceptions->errorHandler()
#1 /home/mizutani/public_html/system/View/View.php(246): include('/home/mizutani/...')
#2 /home/mizutani/public_html/system/Common.php(1087): CodeIgniter\View\View->render()
#3 /home/mizutani/public_html/app/Controllers/Home.php(1012): view()
#4 /home/mizutani/public_html/system/CodeIgniter.php(914): App\Controllers\Home->index()
#5 /home/mizutani/public_html/system/CodeIgniter.php(400): CodeIgniter\CodeIgniter->runController()
#6 /home/mizutani/public_html/system/CodeIgniter.php(308): CodeIgniter\CodeIgniter->handleRequest()
#7 /home/mizutani/public_html/public/index.php(45): CodeIgniter\CodeIgniter->run()
#8 {main}
